#
# There is insufficient memory for the Java Runtime Environment to continue.
# Native memory allocation (mmap) failed to map 65536 bytes for Failed to commit metaspace.
# Possible reasons:
#   The system is out of physical RAM or swap space
#   The process is running with CompressedOops enabled, and the Java Heap may be blocking the growth of the native heap
# Possible solutions:
#   Reduce memory load on the system
#   Increase physical memory or swap space
#   Check if swap backing store is full
#   Decrease Java heap size (-Xmx/-Xms)
#   Decrease number of Java threads
#   Decrease Java thread stack sizes (-Xss)
#   Set larger code cache with -XX:ReservedCodeCacheSize=
#   JVM is running with Unscaled Compressed Oops mode in which the Java heap is
#     placed in the first 4GB address space. The Java Heap base address is the
#     maximum limit for the native heap growth. Please use -XX:HeapBaseMinAddress
#     to set the Java Heap base and to place the Java Heap above 4GB virtual address.
# This output file may be truncated or incomplete.
#
#  Out of Memory Error (virtualSpaceNode.cpp:110), pid=14836, tid=14856
#
# JRE version: OpenJDK Runtime Environment Temurin-17.0.6+10 (17.0.6+10) (build 17.0.6+10)
# Java VM: OpenJDK 64-Bit Server VM Temurin-17.0.6+10 (17.0.6+10, mixed mode, tiered, compressed oops, compressed class ptrs, g1 gc, windows-amd64)
# No core dump will be written. Minidumps are not enabled by default on client versions of Windows
#

---------------  S U M M A R Y ------------

Command Line: -Dfile.encoding=UTF-8 -Dstdout.encoding=UTF-8 -Dstderr.encoding=UTF-8 -XX:+ShowCodeDetailsInExceptionMessages controleur.AirFrance

Host: AMD Athlon Silver 3050U with Radeon Graphics   , 2 cores, 3G,  Windows 11 , 64 bit Build 22621 (10.0.22621.3085)
Time: Sun Feb  4 22:21:13 2024 Romance Standard Time elapsed time: 1.042847 seconds (0d 0h 0m 1s)

---------------  T H R E A D  ---------------

Current thread (0x000001dc3937c780):  JavaThread "main" [_thread_in_vm, id=14856, stack(0x0000005a0e000000,0x0000005a0e100000)]

Stack: [0x0000005a0e000000,0x0000005a0e100000]
Native frames: (J=compiled Java code, j=interpreted, Vv=VM code, C=native code)
V  [jvm.dll+0x67741a]
V  [jvm.dll+0x834434]
V  [jvm.dll+0x835bde]
V  [jvm.dll+0x836243]
V  [jvm.dll+0x2457b5]
V  [jvm.dll+0x8304cb]
V  [jvm.dll+0x61bca6]
V  [jvm.dll+0x61bd0a]
V  [jvm.dll+0x61e52a]
V  [jvm.dll+0x61c646]
V  [jvm.dll+0x24320c]
V  [jvm.dll+0x6cd84d]
V  [jvm.dll+0x6ce27f]
V  [jvm.dll+0x36fd73]
V  [jvm.dll+0x36ef52]
V  [jvm.dll+0x36eef8]
V  [jvm.dll+0x55dcb5]
V  [jvm.dll+0x55cbd4]
V  [jvm.dll+0x382ce4]
V  [jvm.dll+0x38234f]
C  0x000001dc43f7a443

Java frames: (J=compiled Java code, j=interpreted, Vv=VM code)
j  java.util.Arrays.sort([Ljava/lang/Object;)V+20 java.base@17.0.6
j  sun.awt.windows.WDesktopProperties.getKeyNames()[Ljava/lang/String;+43 java.desktop@17.0.6
j  sun.awt.windows.WDesktopProperties.getProperties()Ljava/util/Map;+38 java.desktop@17.0.6
j  sun.awt.windows.WToolkit.lazilyInitWProps()V+24 java.desktop@17.0.6
j  sun.awt.windows.WToolkit.lazilyLoadDesktopProperty(Ljava/lang/String;)Ljava/lang/Object;+101 java.desktop@17.0.6
j  java.awt.Toolkit.getDesktopProperty(Ljava/lang/String;)Ljava/lang/Object;+70 java.desktop@17.0.6
j  javax.swing.UIManager.<clinit>()V+112 java.desktop@17.0.6
v  ~StubRoutines::call_stub
j  javax.swing.JPanel.updateUI()V+2 java.desktop@17.0.6
j  javax.swing.JPanel.<init>(Ljava/awt/LayoutManager;Z)V+24 java.desktop@17.0.6
j  javax.swing.JPanel.<init>(Z)V+9 java.desktop@17.0.6
j  javax.swing.JPanel.<init>()V+2 java.desktop@17.0.6
j  javax.swing.JRootPane.createGlassPane()Ljava/awt/Component;+4 java.desktop@17.0.6
j  javax.swing.JRootPane.<init>()V+11 java.desktop@17.0.6
j  javax.swing.JFrame.createRootPane()Ljavax/swing/JRootPane;+4 java.desktop@17.0.6
j  javax.swing.JFrame.frameInit()V+16 java.desktop@17.0.6
j  javax.swing.JFrame.<init>()V+20 java.desktop@17.0.6
j  vue.VueConnexion.<init>()V+1
j  controleur.AirFrance.main([Ljava/lang/String;)V+4
v  ~StubRoutines::call_stub

---------------  P R O C E S S  ---------------

Threads class SMR info:
_java_thread_list=0x000001dc508e48b0, length=15, elements={
0x000001dc3937c780, 0x000001dc394310e0, 0x000001dc4fab1670, 0x000001dc4fa97660,
0x000001dc4fa98120, 0x000001dc4fa9abe0, 0x000001dc4fa9d5a0, 0x000001dc4fadd270,
0x000001dc4faddc20, 0x000001dc3943e970, 0x000001dc50615060, 0x000001dc50634450,
0x000001dc50aa3f20, 0x000001dc50aa43f0, 0x000001dc50aa48c0
}

Java Threads: ( => current thread )
=>0x000001dc3937c780 JavaThread "main" [_thread_in_vm, id=14856, stack(0x0000005a0e000000,0x0000005a0e100000)]
  0x000001dc394310e0 JavaThread "Reference Handler" daemon [_thread_blocked, id=5476, stack(0x0000005a0e700000,0x0000005a0e800000)]
  0x000001dc4fab1670 JavaThread "Finalizer" daemon [_thread_blocked, id=7236, stack(0x0000005a0e800000,0x0000005a0e900000)]
  0x000001dc4fa97660 JavaThread "Signal Dispatcher" daemon [_thread_blocked, id=3760, stack(0x0000005a0e900000,0x0000005a0ea00000)]
  0x000001dc4fa98120 JavaThread "Attach Listener" daemon [_thread_blocked, id=1820, stack(0x0000005a0ea00000,0x0000005a0eb00000)]
  0x000001dc4fa9abe0 JavaThread "Service Thread" daemon [_thread_blocked, id=8964, stack(0x0000005a0eb00000,0x0000005a0ec00000)]
  0x000001dc4fa9d5a0 JavaThread "Monitor Deflation Thread" daemon [_thread_blocked, id=11908, stack(0x0000005a0ec00000,0x0000005a0ed00000)]
  0x000001dc4fadd270 JavaThread "C2 CompilerThread0" daemon [_thread_blocked, id=1336, stack(0x0000005a0ed00000,0x0000005a0ee00000)]
  0x000001dc4faddc20 JavaThread "C1 CompilerThread0" daemon [_thread_blocked, id=14576, stack(0x0000005a0ee00000,0x0000005a0ef00000)]
  0x000001dc3943e970 JavaThread "Sweeper thread" daemon [_thread_blocked, id=9276, stack(0x0000005a0ef00000,0x0000005a0f000000)]
  0x000001dc50615060 JavaThread "Notification Thread" daemon [_thread_blocked, id=14116, stack(0x0000005a0f000000,0x0000005a0f100000)]
  0x000001dc50634450 JavaThread "Common-Cleaner" daemon [_thread_blocked, id=12812, stack(0x0000005a0f200000,0x0000005a0f300000)]
  0x000001dc50aa3f20 JavaThread "Java2D Disposer" daemon [_thread_blocked, id=108, stack(0x0000005a0f300000,0x0000005a0f400000)]
  0x000001dc50aa43f0 JavaThread "AWT-Shutdown" [_thread_blocked, id=13760, stack(0x0000005a0f400000,0x0000005a0f500000)]
  0x000001dc50aa48c0 JavaThread "AWT-Windows" daemon [_thread_in_native, id=4604, stack(0x0000005a0f500000,0x0000005a0f600000)]

Other Threads:
  0x000001dc3941bcc0 VMThread "VM Thread" [stack: 0x0000005a0e600000,0x0000005a0e700000] [id=7660]
  0x000001dc50617d50 WatcherThread [stack: 0x0000005a0f100000,0x0000005a0f200000] [id=6388]
  0x000001dc393b79c0 GCTaskThread "GC Thread#0" [stack: 0x0000005a0e100000,0x0000005a0e200000] [id=1668]
  0x000001dc393bf550 ConcurrentGCThread "G1 Main Marker" [stack: 0x0000005a0e200000,0x0000005a0e300000] [id=1048]
  0x000001dc393bff60 ConcurrentGCThread "G1 Conc#0" [stack: 0x0000005a0e300000,0x0000005a0e400000] [id=11300]
  0x000001dc393f0a10 ConcurrentGCThread "G1 Refine#0" [stack: 0x0000005a0e400000,0x0000005a0e500000] [id=5904]
  0x000001dc393f1430 ConcurrentGCThread "G1 Service" [stack: 0x0000005a0e500000,0x0000005a0e600000] [id=10164]

Threads with active compile tasks:

VM state: not at safepoint (normal execution)

VM Mutex/Monitor currently owned by a thread:  ([mutex/lock_event])
[0x000001dc3722a840] Metaspace_lock - owner thread: 0x000001dc3937c780

Heap address: 0x00000000c9e00000, size: 866 MB, Compressed Oops mode: 32-bit

CDS archive(s) not mapped
Compressed class space mapped at: 0x0000000100000000-0x0000000140000000, reserved size: 1073741824
Narrow klass base: 0x0000000000000000, Narrow klass shift: 3, Narrow klass range: 0x140000000

GC Precious Log:
 CPUs: 2 total, 2 available
 Memory: 3463M
 Large Page Support: Disabled
 NUMA Support: Disabled
 Compressed Oops: Enabled (32-bit)
 Heap Region Size: 1M
 Heap Min Capacity: 8M
 Heap Initial Capacity: 56M
 Heap Max Capacity: 866M
 Pre-touch: Disabled
 Parallel Workers: 2
 Concurrent Workers: 1
 Concurrent Refinement Workers: 2
 Periodic GC: Disabled

Heap:
 garbage-first heap   total 57344K, used 2048K [0x00000000c9e00000, 0x0000000100000000)
  region size 1024K, 3 young (3072K), 0 survivors (0K)
 Metaspace       used 9565K, committed 9728K, reserved 1064960K
  class space    used 866K, committed 960K, reserved 1048576K

Heap Regions: E=young(eden), S=young(survivor), O=old, HS=humongous(starts), HC=humongous(continues), CS=collection set, F=free, OA=open archive, CA=closed archive, TAMS=top-at-mark-start (previous, next)
|   0|0x00000000c9e00000, 0x00000000c9e00000, 0x00000000c9f00000|  0%| F|  |TAMS 0x00000000c9e00000, 0x00000000c9e00000| Untracked 
|   1|0x00000000c9f00000, 0x00000000c9f00000, 0x00000000ca000000|  0%| F|  |TAMS 0x00000000c9f00000, 0x00000000c9f00000| Untracked 
|   2|0x00000000ca000000, 0x00000000ca000000, 0x00000000ca100000|  0%| F|  |TAMS 0x00000000ca000000, 0x00000000ca000000| Untracked 
|   3|0x00000000ca100000, 0x00000000ca100000, 0x00000000ca200000|  0%| F|  |TAMS 0x00000000ca100000, 0x00000000ca100000| Untracked 
|   4|0x00000000ca200000, 0x00000000ca200000, 0x00000000ca300000|  0%| F|  |TAMS 0x00000000ca200000, 0x00000000ca200000| Untracked 
|   5|0x00000000ca300000, 0x00000000ca300000, 0x00000000ca400000|  0%| F|  |TAMS 0x00000000ca300000, 0x00000000ca300000| Untracked 
|   6|0x00000000ca400000, 0x00000000ca400000, 0x00000000ca500000|  0%| F|  |TAMS 0x00000000ca400000, 0x00000000ca400000| Untracked 
|   7|0x00000000ca500000, 0x00000000ca500000, 0x00000000ca600000|  0%| F|  |TAMS 0x00000000ca500000, 0x00000000ca500000| Untracked 
|   8|0x00000000ca600000, 0x00000000ca600000, 0x00000000ca700000|  0%| F|  |TAMS 0x00000000ca600000, 0x00000000ca600000| Untracked 
|   9|0x00000000ca700000, 0x00000000ca700000, 0x00000000ca800000|  0%| F|  |TAMS 0x00000000ca700000, 0x00000000ca700000| Untracked 
|  10|0x00000000ca800000, 0x00000000ca800000, 0x00000000ca900000|  0%| F|  |TAMS 0x00000000ca800000, 0x00000000ca800000| Untracked 
|  11|0x00000000ca900000, 0x00000000ca900000, 0x00000000caa00000|  0%| F|  |TAMS 0x00000000ca900000, 0x00000000ca900000| Untracked 
|  12|0x00000000caa00000, 0x00000000caa00000, 0x00000000cab00000|  0%| F|  |TAMS 0x00000000caa00000, 0x00000000caa00000| Untracked 
|  13|0x00000000cab00000, 0x00000000cab00000, 0x00000000cac00000|  0%| F|  |TAMS 0x00000000cab00000, 0x00000000cab00000| Untracked 
|  14|0x00000000cac00000, 0x00000000cac00000, 0x00000000cad00000|  0%| F|  |TAMS 0x00000000cac00000, 0x00000000cac00000| Untracked 
|  15|0x00000000cad00000, 0x00000000cad00000, 0x00000000cae00000|  0%| F|  |TAMS 0x00000000cad00000, 0x00000000cad00000| Untracked 
|  16|0x00000000cae00000, 0x00000000cae00000, 0x00000000caf00000|  0%| F|  |TAMS 0x00000000cae00000, 0x00000000cae00000| Untracked 
|  17|0x00000000caf00000, 0x00000000caf00000, 0x00000000cb000000|  0%| F|  |TAMS 0x00000000caf00000, 0x00000000caf00000| Untracked 
|  18|0x00000000cb000000, 0x00000000cb000000, 0x00000000cb100000|  0%| F|  |TAMS 0x00000000cb000000, 0x00000000cb000000| Untracked 
|  19|0x00000000cb100000, 0x00000000cb100000, 0x00000000cb200000|  0%| F|  |TAMS 0x00000000cb100000, 0x00000000cb100000| Untracked 
|  20|0x00000000cb200000, 0x00000000cb200000, 0x00000000cb300000|  0%| F|  |TAMS 0x00000000cb200000, 0x00000000cb200000| Untracked 
|  21|0x00000000cb300000, 0x00000000cb300000, 0x00000000cb400000|  0%| F|  |TAMS 0x00000000cb300000, 0x00000000cb300000| Untracked 
|  22|0x00000000cb400000, 0x00000000cb400000, 0x00000000cb500000|  0%| F|  |TAMS 0x00000000cb400000, 0x00000000cb400000| Untracked 
|  23|0x00000000cb500000, 0x00000000cb500000, 0x00000000cb600000|  0%| F|  |TAMS 0x00000000cb500000, 0x00000000cb500000| Untracked 
|  24|0x00000000cb600000, 0x00000000cb600000, 0x00000000cb700000|  0%| F|  |TAMS 0x00000000cb600000, 0x00000000cb600000| Untracked 
|  25|0x00000000cb700000, 0x00000000cb700000, 0x00000000cb800000|  0%| F|  |TAMS 0x00000000cb700000, 0x00000000cb700000| Untracked 
|  26|0x00000000cb800000, 0x00000000cb800000, 0x00000000cb900000|  0%| F|  |TAMS 0x00000000cb800000, 0x00000000cb800000| Untracked 
|  27|0x00000000cb900000, 0x00000000cb900000, 0x00000000cba00000|  0%| F|  |TAMS 0x00000000cb900000, 0x00000000cb900000| Untracked 
|  28|0x00000000cba00000, 0x00000000cba00000, 0x00000000cbb00000|  0%| F|  |TAMS 0x00000000cba00000, 0x00000000cba00000| Untracked 
|  29|0x00000000cbb00000, 0x00000000cbb00000, 0x00000000cbc00000|  0%| F|  |TAMS 0x00000000cbb00000, 0x00000000cbb00000| Untracked 
|  30|0x00000000cbc00000, 0x00000000cbc00000, 0x00000000cbd00000|  0%| F|  |TAMS 0x00000000cbc00000, 0x00000000cbc00000| Untracked 
|  31|0x00000000cbd00000, 0x00000000cbd00000, 0x00000000cbe00000|  0%| F|  |TAMS 0x00000000cbd00000, 0x00000000cbd00000| Untracked 
|  32|0x00000000cbe00000, 0x00000000cbe00000, 0x00000000cbf00000|  0%| F|  |TAMS 0x00000000cbe00000, 0x00000000cbe00000| Untracked 
|  33|0x00000000cbf00000, 0x00000000cbf00000, 0x00000000cc000000|  0%| F|  |TAMS 0x00000000cbf00000, 0x00000000cbf00000| Untracked 
|  34|0x00000000cc000000, 0x00000000cc000000, 0x00000000cc100000|  0%| F|  |TAMS 0x00000000cc000000, 0x00000000cc000000| Untracked 
|  35|0x00000000cc100000, 0x00000000cc100000, 0x00000000cc200000|  0%| F|  |TAMS 0x00000000cc100000, 0x00000000cc100000| Untracked 
|  36|0x00000000cc200000, 0x00000000cc200000, 0x00000000cc300000|  0%| F|  |TAMS 0x00000000cc200000, 0x00000000cc200000| Untracked 
|  37|0x00000000cc300000, 0x00000000cc300000, 0x00000000cc400000|  0%| F|  |TAMS 0x00000000cc300000, 0x00000000cc300000| Untracked 
|  38|0x00000000cc400000, 0x00000000cc400000, 0x00000000cc500000|  0%| F|  |TAMS 0x00000000cc400000, 0x00000000cc400000| Untracked 
|  39|0x00000000cc500000, 0x00000000cc500000, 0x00000000cc600000|  0%| F|  |TAMS 0x00000000cc500000, 0x00000000cc500000| Untracked 
|  40|0x00000000cc600000, 0x00000000cc600000, 0x00000000cc700000|  0%| F|  |TAMS 0x00000000cc600000, 0x00000000cc600000| Untracked 
|  41|0x00000000cc700000, 0x00000000cc700000, 0x00000000cc800000|  0%| F|  |TAMS 0x00000000cc700000, 0x00000000cc700000| Untracked 
|  42|0x00000000cc800000, 0x00000000cc800000, 0x00000000cc900000|  0%| F|  |TAMS 0x00000000cc800000, 0x00000000cc800000| Untracked 
|  43|0x00000000cc900000, 0x00000000cc900000, 0x00000000cca00000|  0%| F|  |TAMS 0x00000000cc900000, 0x00000000cc900000| Untracked 
|  44|0x00000000cca00000, 0x00000000cca00000, 0x00000000ccb00000|  0%| F|  |TAMS 0x00000000cca00000, 0x00000000cca00000| Untracked 
|  45|0x00000000ccb00000, 0x00000000ccb00000, 0x00000000ccc00000|  0%| F|  |TAMS 0x00000000ccb00000, 0x00000000ccb00000| Untracked 
|  46|0x00000000ccc00000, 0x00000000ccc00000, 0x00000000ccd00000|  0%| F|  |TAMS 0x00000000ccc00000, 0x00000000ccc00000| Untracked 
|  47|0x00000000ccd00000, 0x00000000ccd00000, 0x00000000cce00000|  0%| F|  |TAMS 0x00000000ccd00000, 0x00000000ccd00000| Untracked 
|  48|0x00000000cce00000, 0x00000000cce00000, 0x00000000ccf00000|  0%| F|  |TAMS 0x00000000cce00000, 0x00000000cce00000| Untracked 
|  49|0x00000000ccf00000, 0x00000000ccf00000, 0x00000000cd000000|  0%| F|  |TAMS 0x00000000ccf00000, 0x00000000ccf00000| Untracked 
|  50|0x00000000cd000000, 0x00000000cd000000, 0x00000000cd100000|  0%| F|  |TAMS 0x00000000cd000000, 0x00000000cd000000| Untracked 
|  51|0x00000000cd100000, 0x00000000cd100000, 0x00000000cd200000|  0%| F|  |TAMS 0x00000000cd100000, 0x00000000cd100000| Untracked 
|  52|0x00000000cd200000, 0x00000000cd200000, 0x00000000cd300000|  0%| F|  |TAMS 0x00000000cd200000, 0x00000000cd200000| Untracked 
|  53|0x00000000cd300000, 0x00000000cd35cf18, 0x00000000cd400000| 36%| E|  |TAMS 0x00000000cd300000, 0x00000000cd300000| Complete 
|  54|0x00000000cd400000, 0x00000000cd500000, 0x00000000cd500000|100%| E|CS|TAMS 0x00000000cd400000, 0x00000000cd400000| Complete 
|  55|0x00000000cd500000, 0x00000000cd600000, 0x00000000cd600000|100%| E|CS|TAMS 0x00000000cd500000, 0x00000000cd500000| Complete 

Card table byte_map: [0x000001dc39130000,0x000001dc392f0000] _byte_map_base: 0x000001dc38ae1000

Marking Bits (Prev, Next): (CMBitMap*) 0x000001dc393b7fe0, (CMBitMap*) 0x000001dc393b8020
 Prev Bits: [0x000001dc4bbf0000, 0x000001dc4c978000)
 Next Bits: [0x000001dc4c980000, 0x000001dc4d708000)

Polling page: 0x000001dc38b40000

Metaspace:

Usage:
  Non-class:      8.49 MB used.
      Class:    866.91 KB used.
       Both:      9.34 MB used.

Virtual space:
  Non-class space:       16.00 MB reserved,       8.56 MB ( 54%) committed,  2 nodes.
      Class space:        1.00 GB reserved,     960.00 KB ( <1%) committed,  1 nodes.
             Both:        1.02 GB reserved,       9.50 MB ( <1%) committed. 

Chunk freelists:
   Non-Class:  2.99 MB
       Class:  3.09 MB
        Both:  6.08 MB

MaxMetaspaceSize: unlimited
CompressedClassSpaceSize: 1.00 GB
Initial GC threshold: 21.00 MB
Current GC threshold: 21.00 MB
CDS: off
MetaspaceReclaimPolicy: balanced
 - commit_granule_bytes: 65536.
 - commit_granule_words: 8192.
 - virtual_space_node_default_size: 1048576.
 - enlarge_chunks_in_place: 1.
 - new_chunks_are_fully_committed: 0.
 - uncommit_free_chunks: 1.
 - use_allocation_guard: 0.
 - handle_deallocations: 1.


Internal statistics:

num_allocs_failed_limit: 0.
num_arena_births: 72.
num_arena_deaths: 0.
num_vsnodes_births: 3.
num_vsnodes_deaths: 0.
num_space_committed: 152.
num_space_uncommitted: 0.
num_chunks_returned_to_freelist: 0.
num_chunks_taken_from_freelist: 108.
num_chunk_merges: 0.
num_chunk_splits: 58.
num_chunks_enlarged: 27.
num_purges: 0.
num_inconsistent_stats: 0.

CodeHeap 'non-profiled nmethods': size=120064Kb used=98Kb max_used=98Kb free=119965Kb
 bounds [0x000001dc444f0000, 0x000001dc44760000, 0x000001dc4ba30000]
CodeHeap 'profiled nmethods': size=120000Kb used=497Kb max_used=497Kb free=119502Kb
 bounds [0x000001dc3ca30000, 0x000001dc3cca0000, 0x000001dc43f60000]
CodeHeap 'non-nmethods': size=5696Kb used=1173Kb max_used=1182Kb free=4522Kb
 bounds [0x000001dc43f60000, 0x000001dc441d0000, 0x000001dc444f0000]
 total_blobs=810 nmethods=337 adapters=386
 compilation: enabled
              stopped_count=0, restarted_count=0
 full_count=0

Compilation events (20 events):
Event: 1.024 Thread 0x000001dc4faddc20  326       3       jdk.internal.org.objectweb.asm.SymbolTable::addConstantNameAndType (137 bytes)
Event: 1.025 Thread 0x000001dc4faddc20 nmethod 326 0x000001dc3caa7990 code [0x000001dc3caa7be0, 0x000001dc3caa8308]
Event: 1.025 Thread 0x000001dc4faddc20  327       3       jdk.internal.org.objectweb.asm.SymbolTable$Entry::<init> (20 bytes)
Event: 1.025 Thread 0x000001dc4faddc20 nmethod 327 0x000001dc3caa8710 code [0x000001dc3caa88a0, 0x000001dc3caa89e8]
Event: 1.029 Thread 0x000001dc4faddc20  330       3       jdk.internal.org.objectweb.asm.ByteVector::<init> (13 bytes)
Event: 1.029 Thread 0x000001dc4faddc20 nmethod 330 0x000001dc3caa8a90 code [0x000001dc3caa8c40, 0x000001dc3caa8e98]
Event: 1.030 Thread 0x000001dc4faddc20  331       3       jdk.internal.org.objectweb.asm.ByteVector::putByteArray (49 bytes)
Event: 1.030 Thread 0x000001dc4faddc20 nmethod 331 0x000001dc3caa8f90 code [0x000001dc3caa9140, 0x000001dc3caa9418]
Event: 1.030 Thread 0x000001dc4faddc20  332       3       java.lang.StringConcatHelper::newArray (40 bytes)
Event: 1.030 Thread 0x000001dc4faddc20 nmethod 332 0x000001dc3caa9510 code [0x000001dc3caa96e0, 0x000001dc3caa9a18]
Event: 1.030 Thread 0x000001dc4faddc20  333       3       jdk.internal.misc.Unsafe::allocateUninitializedArray (55 bytes)
Event: 1.030 Thread 0x000001dc4faddc20 nmethod 333 0x000001dc3caa9b10 code [0x000001dc3caa9d00, 0x000001dc3caaa158]
Event: 1.037 Thread 0x000001dc4faddc20  334       3       java.lang.invoke.MethodHandle::<init> (37 bytes)
Event: 1.038 Thread 0x000001dc4faddc20 nmethod 334 0x000001dc3caaa310 code [0x000001dc3caaa520, 0x000001dc3caaaa98]
Event: 1.038 Thread 0x000001dc4faddc20  335       3       java.lang.invoke.LambdaForm::prepare (112 bytes)
Event: 1.038 Thread 0x000001dc4faddc20 nmethod 335 0x000001dc3caaad10 code [0x000001dc3caaaf40, 0x000001dc3caab778]
Event: 1.038 Thread 0x000001dc4faddc20  336       3       java.lang.invoke.DirectMethodHandle::internalMemberName (8 bytes)
Event: 1.038 Thread 0x000001dc4faddc20 nmethod 336 0x000001dc3caaba10 code [0x000001dc3caabba0, 0x000001dc3caabd78]
Event: 1.038 Thread 0x000001dc4faddc20  337       3       java.lang.String::getBytes (44 bytes)
Event: 1.039 Thread 0x000001dc4faddc20 nmethod 337 0x000001dc3caabe90 code [0x000001dc3caac060, 0x000001dc3caac358]

GC Heap History (0 events):
No events

Dll operation events (6 events):
Event: 0.040 Loaded shared library C:\Users\semko\.p2\pool\plugins\org.eclipse.justj.openjdk.hotspot.jre.full.win32.x86_64_17.0.6.v20230204-1729\jre\bin\java.dll
Event: 0.379 Loaded shared library C:\Users\semko\.p2\pool\plugins\org.eclipse.justj.openjdk.hotspot.jre.full.win32.x86_64_17.0.6.v20230204-1729\jre\bin\jimage.dll
Event: 0.417 Loaded shared library C:\Users\semko\.p2\pool\plugins\org.eclipse.justj.openjdk.hotspot.jre.full.win32.x86_64_17.0.6.v20230204-1729\jre\bin\net.dll
Event: 0.423 Loaded shared library C:\Users\semko\.p2\pool\plugins\org.eclipse.justj.openjdk.hotspot.jre.full.win32.x86_64_17.0.6.v20230204-1729\jre\bin\nio.dll
Event: 0.496 Loaded shared library C:\Users\semko\.p2\pool\plugins\org.eclipse.justj.openjdk.hotspot.jre.full.win32.x86_64_17.0.6.v20230204-1729\jre\bin\zip.dll
Event: 0.750 Loaded shared library C:\Users\semko\.p2\pool\plugins\org.eclipse.justj.openjdk.hotspot.jre.full.win32.x86_64_17.0.6.v20230204-1729\jre\bin\awt.dll

Deoptimization events (0 events):
No events

Classes unloaded (0 events):
No events

Classes redefined (0 events):
No events

Internal exceptions (4 events):
Event: 0.580 Thread 0x000001dc3937c780 Exception <a 'java/lang/ClassNotFoundException'{0x00000000cd414880}: sun/awt/resources/spi/awtProvider> (0x00000000cd414880) 
thrown [s\src\hotspot\share\classfile\systemDictionary.cpp, line 256]
Event: 0.794 Thread 0x000001dc3937c780 Exception <a 'java/io/FileNotFoundException'{0x00000000cd46f878}> (0x00000000cd46f878) 
thrown [s\src\hotspot\share\prims\jni.cpp, line 516]
Event: 0.809 Thread 0x000001dc3937c780 Exception <a 'java/io/FileNotFoundException'{0x00000000cd49d1a8}> (0x00000000cd49d1a8) 
thrown [s\src\hotspot\share\prims\jni.cpp, line 516]
Event: 0.946 Thread 0x000001dc3937c780 Exception <a 'java/lang/NoSuchMethodError'{0x00000000cd4eebe0}: 'java.lang.Object java.lang.invoke.DirectMethodHandle$Holder.invokeStaticInit(java.lang.Object)'> (0x00000000cd4eebe0) 
thrown [s\src\hotspot\share\interpreter\linkResolver.cpp, line 759]

VM Operations (0 events):
No events

Events (20 events):
Event: 1.031 loading class java/awt/Paint done
Event: 1.031 loading class java/awt/Color done
Event: 1.032 loading class sun/awt/windows/WDesktopProperties$WinPlaySound
Event: 1.032 loading class sun/awt/windows/WDesktopProperties$WinPlaySound done
Event: 1.035 loading class java/awt/RenderingHints
Event: 1.036 loading class java/awt/RenderingHints done
Event: 1.036 loading class sun/awt/SunHints
Event: 1.036 loading class sun/awt/SunHints done
Event: 1.036 loading class sun/awt/SunHints$Key
Event: 1.036 loading class java/awt/RenderingHints$Key
Event: 1.036 loading class java/awt/RenderingHints$Key done
Event: 1.036 loading class sun/awt/SunHints$Key done
Event: 1.037 loading class sun/awt/SunHints$Value
Event: 1.037 loading class sun/awt/SunHints$Value done
Event: 1.038 loading class sun/awt/SunHints$LCDContrastKey
Event: 1.038 loading class sun/awt/SunHints$LCDContrastKey done
Event: 1.038 loading class java/util/Arrays$LegacyMergeSort
Event: 1.038 loading class java/util/Arrays$LegacyMergeSort done
Event: 1.038 loading class java/util/ComparableTimSort
Event: 1.039 loading class java/util/ComparableTimSort done


Dynamic libraries:
0x00007ff680d10000 - 0x00007ff680d1e000 	C:\Users\semko\.p2\pool\plugins\org.eclipse.justj.openjdk.hotspot.jre.full.win32.x86_64_17.0.6.v20230204-1729\jre\bin\java.exe
0x00007fffa9a30000 - 0x00007fffa9c47000 	C:\WINDOWS\SYSTEM32\ntdll.dll
0x00007fffa8300000 - 0x00007fffa83c4000 	C:\WINDOWS\System32\KERNEL32.DLL
0x00007fffa71c0000 - 0x00007fffa7566000 	C:\WINDOWS\System32\KERNELBASE.dll
0x00007fffa7570000 - 0x00007fffa7681000 	C:\WINDOWS\System32\ucrtbase.dll
0x00007fff9dfd0000 - 0x00007fff9dfe7000 	C:\Users\semko\.p2\pool\plugins\org.eclipse.justj.openjdk.hotspot.jre.full.win32.x86_64_17.0.6.v20230204-1729\jre\bin\jli.dll
0x00007fffa8b30000 - 0x00007fffa8cde000 	C:\WINDOWS\System32\USER32.dll
0x00007fffa7190000 - 0x00007fffa71b6000 	C:\WINDOWS\System32\win32u.dll
0x00007fffa7920000 - 0x00007fffa7949000 	C:\WINDOWS\System32\GDI32.dll
0x00007fffa6f60000 - 0x00007fffa7078000 	C:\WINDOWS\System32\gdi32full.dll
0x00007fffa7080000 - 0x00007fffa711a000 	C:\WINDOWS\System32\msvcp_win.dll
0x00007fffa1540000 - 0x00007fffa1559000 	C:\Users\semko\.p2\pool\plugins\org.eclipse.justj.openjdk.hotspot.jre.full.win32.x86_64_17.0.6.v20230204-1729\jre\bin\VCRUNTIME140.dll
0x00007fff9a140000 - 0x00007fff9a3d3000 	C:\WINDOWS\WinSxS\amd64_microsoft.windows.common-controls_6595b64144ccf1df_6.0.22621.2506_none_270c5ae97388e100\COMCTL32.dll
0x00007fffa8670000 - 0x00007fffa8717000 	C:\WINDOWS\System32\msvcrt.dll
0x00007fffa83e0000 - 0x00007fffa8411000 	C:\WINDOWS\System32\IMM32.DLL
0x00007fff9e9d0000 - 0x00007fff9e9dc000 	C:\Users\semko\.p2\pool\plugins\org.eclipse.justj.openjdk.hotspot.jre.full.win32.x86_64_17.0.6.v20230204-1729\jre\bin\vcruntime140_1.dll
0x00007fff7d2f0000 - 0x00007fff7d381000 	C:\Users\semko\.p2\pool\plugins\org.eclipse.justj.openjdk.hotspot.jre.full.win32.x86_64_17.0.6.v20230204-1729\jre\bin\msvcp140.dll
0x00007fff48320000 - 0x00007fff48f67000 	C:\Users\semko\.p2\pool\plugins\org.eclipse.justj.openjdk.hotspot.jre.full.win32.x86_64_17.0.6.v20230204-1729\jre\bin\server\jvm.dll
0x00007fffa85b0000 - 0x00007fffa8663000 	C:\WINDOWS\System32\ADVAPI32.dll
0x00007fffa7e70000 - 0x00007fffa7f18000 	C:\WINDOWS\System32\sechost.dll
0x00007fffa7750000 - 0x00007fffa7778000 	C:\WINDOWS\System32\bcrypt.dll
0x00007fffa81e0000 - 0x00007fffa82f7000 	C:\WINDOWS\System32\RPCRT4.dll
0x00007fff9e0b0000 - 0x00007fff9e0b9000 	C:\WINDOWS\SYSTEM32\WSOCK32.dll
0x00007fffa8ab0000 - 0x00007fffa8b21000 	C:\WINDOWS\System32\WS2_32.dll
0x00007fff9df00000 - 0x00007fff9df34000 	C:\WINDOWS\SYSTEM32\WINMM.dll
0x00007fff99c50000 - 0x00007fff99c5a000 	C:\WINDOWS\SYSTEM32\VERSION.dll
0x00007fffa5db0000 - 0x00007fffa5dc8000 	C:\WINDOWS\SYSTEM32\kernel.appcore.dll
0x00007fff9dfc0000 - 0x00007fff9dfca000 	C:\Users\semko\.p2\pool\plugins\org.eclipse.justj.openjdk.hotspot.jre.full.win32.x86_64_17.0.6.v20230204-1729\jre\bin\jimage.dll
0x00007fff8fdb0000 - 0x00007fff8ffe3000 	C:\WINDOWS\SYSTEM32\DBGHELP.DLL
0x00007fffa8720000 - 0x00007fffa8aa9000 	C:\WINDOWS\System32\combase.dll
0x00007fffa7f70000 - 0x00007fffa8047000 	C:\WINDOWS\System32\OLEAUT32.dll
0x00007fff89480000 - 0x00007fff894b2000 	C:\WINDOWS\SYSTEM32\dbgcore.DLL
0x00007fffa6ee0000 - 0x00007fffa6f5a000 	C:\WINDOWS\System32\bcryptPrimitives.dll
0x00007fff91380000 - 0x00007fff913a5000 	C:\Users\semko\.p2\pool\plugins\org.eclipse.justj.openjdk.hotspot.jre.full.win32.x86_64_17.0.6.v20230204-1729\jre\bin\java.dll
0x00007fff9d260000 - 0x00007fff9d278000 	C:\Users\semko\.p2\pool\plugins\org.eclipse.justj.openjdk.hotspot.jre.full.win32.x86_64_17.0.6.v20230204-1729\jre\bin\zip.dll
0x00007fffa8fd0000 - 0x00007fffa982b000 	C:\WINDOWS\System32\SHELL32.dll
0x00007fffa4cd0000 - 0x00007fffa55c6000 	C:\WINDOWS\SYSTEM32\windows.storage.dll
0x00007fffa4b90000 - 0x00007fffa4cce000 	C:\WINDOWS\SYSTEM32\wintypes.dll
0x00007fffa84a0000 - 0x00007fffa8593000 	C:\WINDOWS\System32\SHCORE.dll
0x00007fffa7950000 - 0x00007fffa79ae000 	C:\WINDOWS\System32\shlwapi.dll
0x00007fffa6ca0000 - 0x00007fffa6cc6000 	C:\WINDOWS\SYSTEM32\profapi.dll
0x00007fff9aa20000 - 0x00007fff9aa39000 	C:\Users\semko\.p2\pool\plugins\org.eclipse.justj.openjdk.hotspot.jre.full.win32.x86_64_17.0.6.v20230204-1729\jre\bin\net.dll
0x00007fff9d7f0000 - 0x00007fff9d927000 	C:\WINDOWS\SYSTEM32\WINHTTP.dll
0x00007fffa6230000 - 0x00007fffa6299000 	C:\WINDOWS\system32\mswsock.dll
0x00007fff99c10000 - 0x00007fff99c25000 	C:\Users\semko\.p2\pool\plugins\org.eclipse.justj.openjdk.hotspot.jre.full.win32.x86_64_17.0.6.v20230204-1729\jre\bin\nio.dll
0x00007fff6d160000 - 0x00007fff6d2ee000 	C:\Users\semko\.p2\pool\plugins\org.eclipse.justj.openjdk.hotspot.jre.full.win32.x86_64_17.0.6.v20230204-1729\jre\bin\awt.dll
0x00007fffa4120000 - 0x00007fffa41b7000 	C:\WINDOWS\SYSTEM32\apphelp.dll
0x00007fffa4720000 - 0x00007fffa474b000 	C:\WINDOWS\system32\DWMAPI.DLL
0x00007fffa4310000 - 0x00007fffa43bb000 	C:\WINDOWS\system32\uxtheme.dll
0x00007fff6b740000 - 0x00007fff6b840000 	C:\WINDOWS\system32\opengl32.dll
0x00007fff7dae0000 - 0x00007fff7db0d000 	C:\WINDOWS\SYSTEM32\GLU32.dll
0x00007fffa43f0000 - 0x00007fffa4429000 	C:\WINDOWS\SYSTEM32\dxcore.dll
0x00007fffa8d70000 - 0x00007fffa8ec1000 	C:\WINDOWS\System32\MSCTF.dll
0x00007fffa7780000 - 0x00007fffa7920000 	C:\WINDOWS\System32\ole32.dll

dbghelp: loaded successfully - version: 4.0.5 - missing functions: none
symbol engine: initialized successfully - sym options: 0x614 - pdb path: .;C:\Users\semko\.p2\pool\plugins\org.eclipse.justj.openjdk.hotspot.jre.full.win32.x86_64_17.0.6.v20230204-1729\jre\bin;C:\WINDOWS\SYSTEM32;C:\WINDOWS\WinSxS\amd64_microsoft.windows.common-controls_6595b64144ccf1df_6.0.22621.2506_none_270c5ae97388e100;C:\Users\semko\.p2\pool\plugins\org.eclipse.justj.openjdk.hotspot.jre.full.win32.x86_64_17.0.6.v20230204-1729\jre\bin\server

VM Arguments:
jvm_args: -Dfile.encoding=UTF-8 -Dstdout.encoding=UTF-8 -Dstderr.encoding=UTF-8 -XX:+ShowCodeDetailsInExceptionMessages 
java_command: controleur.AirFrance
java_class_path (initial): C:\Users\semko\eclipse-workspace\AirFrance\bin;C:\Users\semko\Desktop\mysql-connector-java-5.1.40\mysql-connector-java-5.1.40-bin.jar
Launcher Type: SUN_STANDARD

[Global flags]
     intx CICompilerCount                          = 2                                         {product} {ergonomic}
     uint ConcGCThreads                            = 1                                         {product} {ergonomic}
     uint G1ConcRefinementThreads                  = 2                                         {product} {ergonomic}
   size_t G1HeapRegionSize                         = 1048576                                   {product} {ergonomic}
    uintx GCDrainStackTargetSize                   = 64                                        {product} {ergonomic}
   size_t InitialHeapSize                          = 58720256                                  {product} {ergonomic}
   size_t MarkStackSize                            = 4194304                                   {product} {ergonomic}
   size_t MaxHeapSize                              = 908066816                                 {product} {ergonomic}
   size_t MaxNewSize                               = 544210944                                 {product} {ergonomic}
   size_t MinHeapDeltaBytes                        = 1048576                                   {product} {ergonomic}
   size_t MinHeapSize                              = 8388608                                   {product} {ergonomic}
    uintx NonNMethodCodeHeapSize                   = 5826188                                {pd product} {ergonomic}
    uintx NonProfiledCodeHeapSize                  = 122916026                              {pd product} {ergonomic}
    uintx ProfiledCodeHeapSize                     = 122916026                              {pd product} {ergonomic}
    uintx ReservedCodeCacheSize                    = 251658240                              {pd product} {ergonomic}
     bool SegmentedCodeCache                       = true                                      {product} {ergonomic}
     bool ShowCodeDetailsInExceptionMessages       = true                                   {manageable} {command line}
   size_t SoftMaxHeapSize                          = 908066816                              {manageable} {ergonomic}
     bool UseCompressedClassPointers               = true                           {product lp64_product} {ergonomic}
     bool UseCompressedOops                        = true                           {product lp64_product} {ergonomic}
     bool UseG1GC                                  = true                                      {product} {ergonomic}
     bool UseLargePagesIndividualAllocation        = false                                  {pd product} {ergonomic}

Logging:
Log output configuration:
 #0: stdout all=warning uptime,level,tags
 #1: stderr all=off uptime,level,tags

Environment Variables:
PATH=C:/Users/semko/.p2/pool/plugins/org.eclipse.justj.openjdk.hotspot.jre.full.win32.x86_64_17.0.8.v20230831-1047/jre/bin/server;C:/Users/semko/.p2/pool/plugins/org.eclipse.justj.openjdk.hotspot.jre.full.win32.x86_64_17.0.8.v20230831-1047/jre/bin;C:\Program Files (x86)\VMware\VMware Workstation\bin\;C:\WINDOWS\system32;C:\WINDOWS;C:\WINDOWS\System32\Wbem;C:\WINDOWS\System32\WindowsPowerShell\v1.0\;C:\WINDOWS\System32\OpenSSH\;C:\Program Files\Git\cmd;C:\Users\semko\AppData\Local\Programs\Python\Python39\Scripts\;C:\Users\semko\AppData\Local\Programs\Python\Python39\;C:\Python\Python39\Scripts\;C:\Python\Python39\;C:\Users\semko\AppData\Local\Programs\Python\Python310\Scripts\;C:\Users\semko\AppData\Local\Programs\Python\Python310\;C:\Users\semko\AppData\Local\Microsoft\WindowsApps;C:\Users\semko\Desktop\CodeBlocks\MinGW\bin;C:\Users\semko\Desktop;
USERNAME=semko
OS=Windows_NT
PROCESSOR_IDENTIFIER=AMD64 Family 23 Model 24 Stepping 1, AuthenticAMD
TMP=C:\Users\semko\AppData\Local\Temp
TEMP=C:\Users\semko\AppData\Local\Temp



---------------  S Y S T E M  ---------------

OS:
 Windows 11 , 64 bit Build 22621 (10.0.22621.3085)
OS uptime: 6 days 12:29 hours

CPU: total 2 (initial active 2) (2 cores per cpu, 1 threads per core) family 23 model 24 stepping 1 microcode 0x0, cx8, cmov, fxsr, mmx, 3dnowpref, sse, sse2, sse3, ssse3, sse4a, sse4.1, sse4.2, popcnt, lzcnt, tsc, tscinvbit, avx, avx2, aes, clmul, bmi1, bmi2, adx, sha, fma, vzeroupper, clflush, clflushopt

Memory: 4k page, system-wide physical 3463M (262M free)
TotalPageFile size 12921M (AvailPageFile size 5M)
current process WorkingSet (physical memory assigned to process): 44M, peak: 44M
current process commit charge ("private bytes"): 124M, peak: 124M

vm_info: OpenJDK 64-Bit Server VM (17.0.6+10) for windows-amd64 JRE (17.0.6+10), built on Jan 18 2023 10:08:59 by "temurin" with MS VC++ 16.7 (VS2019)

END.
