#
# There is insufficient memory for the Java Runtime Environment to continue.
# Native memory allocation (mmap) failed to map 65536 bytes for Failed to commit metaspace.
# Possible reasons:
#   The system is out of physical RAM or swap space
#   The process is running with CompressedOops enabled, and the Java Heap may be blocking the growth of the native heap
# Possible solutions:
#   Reduce memory load on the system
#   Increase physical memory or swap space
#   Check if swap backing store is full
#   Decrease Java heap size (-Xmx/-Xms)
#   Decrease number of Java threads
#   Decrease Java thread stack sizes (-Xss)
#   Set larger code cache with -XX:ReservedCodeCacheSize=
#   JVM is running with Unscaled Compressed Oops mode in which the Java heap is
#     placed in the first 4GB address space. The Java Heap base address is the
#     maximum limit for the native heap growth. Please use -XX:HeapBaseMinAddress
#     to set the Java Heap base and to place the Java Heap above 4GB virtual address.
# This output file may be truncated or incomplete.
#
#  Out of Memory Error (virtualSpaceNode.cpp:110), pid=12616, tid=8884
#
# JRE version: OpenJDK Runtime Environment Temurin-17.0.6+10 (17.0.6+10) (build 17.0.6+10)
# Java VM: OpenJDK 64-Bit Server VM Temurin-17.0.6+10 (17.0.6+10, mixed mode, tiered, compressed oops, compressed class ptrs, g1 gc, windows-amd64)
# No core dump will be written. Minidumps are not enabled by default on client versions of Windows
#

---------------  S U M M A R Y ------------

Command Line: -Dfile.encoding=UTF-8 -Dstdout.encoding=UTF-8 -Dstderr.encoding=UTF-8 -XX:+ShowCodeDetailsInExceptionMessages controleur.AirFrance

Host: AMD Athlon Silver 3050U with Radeon Graphics   , 2 cores, 3G,  Windows 11 , 64 bit Build 22621 (10.0.22621.3085)
Time: Mon Feb  5 00:21:26 2024 Romance Standard Time elapsed time: 2.842156 seconds (0d 0h 0m 2s)

---------------  T H R E A D  ---------------

Current thread (0x000001dff777eef0):  JavaThread "AWT-EventQueue-0" [_thread_in_vm, id=8884, stack(0x0000004823400000,0x0000004823500000)]

Stack: [0x0000004823400000,0x0000004823500000]
Native frames: (J=compiled Java code, j=interpreted, Vv=VM code, C=native code)
V  [jvm.dll+0x67741a]
V  [jvm.dll+0x834434]
V  [jvm.dll+0x835bde]
V  [jvm.dll+0x836243]
V  [jvm.dll+0x2457b5]
V  [jvm.dll+0x8304cb]
V  [jvm.dll+0x61bca6]
V  [jvm.dll+0x1c05fe]
V  [jvm.dll+0x61e5f1]
V  [jvm.dll+0x61c646]
V  [jvm.dll+0x239e4f]
V  [jvm.dll+0x626445]
V  [jvm.dll+0x1ea42b]
V  [jvm.dll+0x1ea965]
V  [jvm.dll+0x1eb39f]
V  [jvm.dll+0x1e0841]
V  [jvm.dll+0x53c6d0]
V  [jvm.dll+0x1f1017]
V  [jvm.dll+0x7aea1b]
V  [jvm.dll+0x7afdc2]
V  [jvm.dll+0x7b00f8]
V  [jvm.dll+0x23dbbe]
V  [jvm.dll+0x37ecce]
C  0x000001dfeaa4b5a5

Java frames: (J=compiled Java code, j=interpreted, Vv=VM code)
j  sun.net.www.URLConnection.<init>(Ljava/net/URL;)V+11 java.base@17.0.6
j  sun.net.www.protocol.file.FileURLConnection.<init>(Ljava/net/URL;Ljava/io/File;)V+2 java.base@17.0.6
j  sun.net.www.protocol.file.Handler.createFileURLConnection(Ljava/net/URL;Ljava/io/File;)Ljava/net/URLConnection;+6 java.base@17.0.6
j  sun.net.www.protocol.file.Handler.openConnection(Ljava/net/URL;Ljava/net/Proxy;)Ljava/net/URLConnection;+79 java.base@17.0.6
j  sun.net.www.protocol.file.Handler.openConnection(Ljava/net/URL;)Ljava/net/URLConnection;+3 java.base@17.0.6
j  java.net.URL.openConnection()Ljava/net/URLConnection;+5 java.base@17.0.6
j  sun.net.www.protocol.jar.JarURLConnection.<init>(Ljava/net/URL;Lsun/net/www/protocol/jar/Handler;)V+18 java.base@17.0.6
j  sun.net.www.protocol.jar.Handler.openConnection(Ljava/net/URL;)Ljava/net/URLConnection;+6 java.base@17.0.6
j  java.net.URL.openConnection()Ljava/net/URLConnection;+5 java.base@17.0.6
j  java.util.ServiceLoader$LazyClassPathLookupIterator.parse(Ljava/net/URL;)Ljava/util/Iterator;+9 java.base@17.0.6
j  java.util.ServiceLoader$LazyClassPathLookupIterator.nextProviderClass()Ljava/lang/Class;+176 java.base@17.0.6
j  java.util.ServiceLoader$LazyClassPathLookupIterator.hasNextService()Z+15 java.base@17.0.6
j  java.util.ServiceLoader$LazyClassPathLookupIterator.hasNext()Z+11 java.base@17.0.6
j  java.util.ServiceLoader$2.hasNext()Z+16 java.base@17.0.6
j  java.util.ServiceLoader$3.hasNext()Z+32 java.base@17.0.6
j  java.sql.DriverManager$2.run()Ljava/lang/Void;+12 java.sql@17.0.6
j  java.sql.DriverManager$2.run()Ljava/lang/Object;+1 java.sql@17.0.6
J 771 c1 java.security.AccessController.doPrivileged(Ljava/security/PrivilegedAction;)Ljava/lang/Object; java.base@17.0.6 (9 bytes) @ 0x000001dfe36095bc [0x000001dfe3609460+0x000000000000015c]
j  java.sql.DriverManager.ensureDriversInitialized()V+49 java.sql@17.0.6
j  java.sql.DriverManager.getConnection(Ljava/lang/String;Ljava/util/Properties;Ljava/lang/Class;)Ljava/sql/Connection;+57 java.sql@17.0.6
j  java.sql.DriverManager.getConnection(Ljava/lang/String;Ljava/lang/String;Ljava/lang/String;)Ljava/sql/Connection;+37 java.sql@17.0.6
j  modele.Bdd.seConnecter()V+35
j  modele.Modele.selectWherePilote(Ljava/lang/String;Ljava/lang/String;)Lcontroleur/Pilote;+13
j  controleur.Controleur.selectWherePilote(Ljava/lang/String;Ljava/lang/String;)Lcontroleur/Pilote;+2
j  vue.VueConnexion.traitement()V+25
j  vue.VueConnexion.actionPerformed(Ljava/awt/event/ActionEvent;)V+44
j  javax.swing.AbstractButton.fireActionPerformed(Ljava/awt/event/ActionEvent;)V+84 java.desktop@17.0.6
j  javax.swing.AbstractButton$Handler.actionPerformed(Ljava/awt/event/ActionEvent;)V+5 java.desktop@17.0.6
j  javax.swing.DefaultButtonModel.fireActionPerformed(Ljava/awt/event/ActionEvent;)V+34 java.desktop@17.0.6
j  javax.swing.DefaultButtonModel.setPressed(Z)V+117 java.desktop@17.0.6
j  javax.swing.plaf.basic.BasicButtonListener.mouseReleased(Ljava/awt/event/MouseEvent;)V+35 java.desktop@17.0.6
j  java.awt.Component.processMouseEvent(Ljava/awt/event/MouseEvent;)V+64 java.desktop@17.0.6
j  javax.swing.JComponent.processMouseEvent(Ljava/awt/event/MouseEvent;)V+23 java.desktop@17.0.6
j  java.awt.Component.processEvent(Ljava/awt/AWTEvent;)V+81 java.desktop@17.0.6
j  java.awt.Container.processEvent(Ljava/awt/AWTEvent;)V+18 java.desktop@17.0.6
j  java.awt.Component.dispatchEventImpl(Ljava/awt/AWTEvent;)V+496 java.desktop@17.0.6
j  java.awt.Container.dispatchEventImpl(Ljava/awt/AWTEvent;)V+42 java.desktop@17.0.6
j  java.awt.Component.dispatchEvent(Ljava/awt/AWTEvent;)V+2 java.desktop@17.0.6
j  java.awt.LightweightDispatcher.retargetMouseEvent(Ljava/awt/Component;ILjava/awt/event/MouseEvent;)V+349 java.desktop@17.0.6
j  java.awt.LightweightDispatcher.processMouseEvent(Ljava/awt/event/MouseEvent;)Z+155 java.desktop@17.0.6
j  java.awt.LightweightDispatcher.dispatchEvent(Ljava/awt/AWTEvent;)Z+50 java.desktop@17.0.6
j  java.awt.Container.dispatchEventImpl(Ljava/awt/AWTEvent;)V+12 java.desktop@17.0.6
j  java.awt.Window.dispatchEventImpl(Ljava/awt/AWTEvent;)V+19 java.desktop@17.0.6
j  java.awt.Component.dispatchEvent(Ljava/awt/AWTEvent;)V+2 java.desktop@17.0.6
j  java.awt.EventQueue.dispatchEventImpl(Ljava/awt/AWTEvent;Ljava/lang/Object;)V+41 java.desktop@17.0.6
j  java.awt.EventQueue$4.run()Ljava/lang/Void;+32 java.desktop@17.0.6
j  java.awt.EventQueue$4.run()Ljava/lang/Object;+1 java.desktop@17.0.6
J 607 c1 java.security.AccessController.doPrivileged(Ljava/security/PrivilegedAction;Ljava/security/AccessControlContext;)Ljava/lang/Object; java.base@17.0.6 (17 bytes) @ 0x000001dfe35d9e54 [0x000001dfe35d9c80+0x00000000000001d4]
j  java.security.ProtectionDomain$JavaSecurityAccessImpl.doIntersectionPrivilege(Ljava/security/PrivilegedAction;Ljava/security/AccessControlContext;Ljava/security/AccessControlContext;)Ljava/lang/Object;+18 java.base@17.0.6
j  java.security.ProtectionDomain$JavaSecurityAccessImpl.doIntersectionPrivilege(Ljava/security/PrivilegedAction;Ljava/security/AccessControlContext;)Ljava/lang/Object;+6 java.base@17.0.6
j  java.awt.EventQueue$5.run()Ljava/lang/Void;+11 java.desktop@17.0.6
j  java.awt.EventQueue$5.run()Ljava/lang/Object;+1 java.desktop@17.0.6
J 607 c1 java.security.AccessController.doPrivileged(Ljava/security/PrivilegedAction;Ljava/security/AccessControlContext;)Ljava/lang/Object; java.base@17.0.6 (17 bytes) @ 0x000001dfe35d9e54 [0x000001dfe35d9c80+0x00000000000001d4]
j  java.security.ProtectionDomain$JavaSecurityAccessImpl.doIntersectionPrivilege(Ljava/security/PrivilegedAction;Ljava/security/AccessControlContext;Ljava/security/AccessControlContext;)Ljava/lang/Object;+18 java.base@17.0.6
j  java.awt.EventQueue.dispatchEvent(Ljava/awt/AWTEvent;)V+73 java.desktop@17.0.6
j  java.awt.EventDispatchThread.pumpOneEventForFilters(I)V+78 java.desktop@17.0.6
j  java.awt.EventDispatchThread.pumpEventsForFilter(ILjava/awt/Conditional;Ljava/awt/EventFilter;)V+35 java.desktop@17.0.6
j  java.awt.EventDispatchThread.pumpEventsForHierarchy(ILjava/awt/Conditional;Ljava/awt/Component;)V+11 java.desktop@17.0.6
j  java.awt.EventDispatchThread.pumpEvents(ILjava/awt/Conditional;)V+4 java.desktop@17.0.6
j  java.awt.EventDispatchThread.pumpEvents(Ljava/awt/Conditional;)V+3 java.desktop@17.0.6
j  java.awt.EventDispatchThread.run()V+9 java.desktop@17.0.6
v  ~StubRoutines::call_stub

---------------  P R O C E S S  ---------------

Threads class SMR info:
_java_thread_list=0x000001dff7b91be0, length=20, elements={
0x000001dff655b810, 0x000001dff655d0a0, 0x000001dff659f280, 0x000001dff659fe30,
0x000001dff65a28f0, 0x000001dff65a3a40, 0x000001dff65a67e0, 0x000001dff65abea0,
0x000001dff65fdb20, 0x000001dff7113b30, 0x000001dff711f090, 0x000001dff7595520,
0x000001dff7595ac0, 0x000001dff757f550, 0x000001dff777ea20, 0x000001dff777eef0,
0x000001dff7780230, 0x000001dff777d6e0, 0x000001dff777e550, 0x000001dff777dbb0
}

Java Threads: ( => current thread )
  0x000001dff655b810 JavaThread "Reference Handler" daemon [_thread_blocked, id=11768, stack(0x0000004822400000,0x0000004822500000)]
  0x000001dff655d0a0 JavaThread "Finalizer" daemon [_thread_blocked, id=7512, stack(0x0000004822500000,0x0000004822600000)]
  0x000001dff659f280 JavaThread "Signal Dispatcher" daemon [_thread_blocked, id=8204, stack(0x0000004822600000,0x0000004822700000)]
  0x000001dff659fe30 JavaThread "Attach Listener" daemon [_thread_blocked, id=12376, stack(0x0000004822700000,0x0000004822800000)]
  0x000001dff65a28f0 JavaThread "Service Thread" daemon [_thread_blocked, id=3036, stack(0x0000004822800000,0x0000004822900000)]
  0x000001dff65a3a40 JavaThread "Monitor Deflation Thread" daemon [_thread_blocked, id=7660, stack(0x0000004822900000,0x0000004822a00000)]
  0x000001dff65a67e0 JavaThread "C2 CompilerThread0" daemon [_thread_blocked, id=2148, stack(0x0000004822a00000,0x0000004822b00000)]
  0x000001dff65abea0 JavaThread "C1 CompilerThread0" daemon [_thread_blocked, id=12668, stack(0x0000004822b00000,0x0000004822c00000)]
  0x000001dff65fdb20 JavaThread "Sweeper thread" daemon [_thread_blocked, id=14092, stack(0x0000004822c00000,0x0000004822d00000)]
  0x000001dff7113b30 JavaThread "Notification Thread" daemon [_thread_blocked, id=8504, stack(0x0000004822d00000,0x0000004822e00000)]
  0x000001dff711f090 JavaThread "Common-Cleaner" daemon [_thread_blocked, id=5476, stack(0x0000004822f00000,0x0000004823000000)]
  0x000001dff7595520 JavaThread "Java2D Disposer" daemon [_thread_blocked, id=4176, stack(0x0000004823000000,0x0000004823100000)]
  0x000001dff7595ac0 JavaThread "AWT-Shutdown" [_thread_blocked, id=2500, stack(0x0000004823100000,0x0000004823200000)]
  0x000001dff757f550 JavaThread "AWT-Windows" daemon [_thread_in_native, id=6816, stack(0x0000004823200000,0x0000004823300000)]
  0x000001dff777ea20 JavaThread "Image Fetcher 0" daemon [_thread_blocked, id=9116, stack(0x0000004823300000,0x0000004823400000)]
=>0x000001dff777eef0 JavaThread "AWT-EventQueue-0" [_thread_in_vm, id=8884, stack(0x0000004823400000,0x0000004823500000)]
  0x000001dff7780230 JavaThread "D3D Screen Updater" daemon [_thread_blocked, id=15084, stack(0x0000004823800000,0x0000004823900000)]
  0x000001dff777d6e0 JavaThread "DestroyJavaVM" [_thread_blocked, id=12060, stack(0x0000004821d00000,0x0000004821e00000)]
  0x000001dff777e550 JavaThread "TimerQueue" daemon [_thread_blocked, id=9624, stack(0x0000004823c00000,0x0000004823d00000)]
  0x000001dff777dbb0 JavaThread "Abandoned connection cleanup thread" daemon [_thread_blocked, id=11600, stack(0x0000004823d00000,0x0000004823e00000)]

Other Threads:
  0x000001dfdff0e740 VMThread "VM Thread" [stack: 0x0000004822300000,0x0000004822400000] [id=8568]
  0x000001dff7118020 WatcherThread [stack: 0x0000004822e00000,0x0000004822f00000] [id=1460]
  0x000001dfdfe878e0 GCTaskThread "GC Thread#0" [stack: 0x0000004821e00000,0x0000004821f00000] [id=15016]
  0x000001dff786e970 GCTaskThread "GC Thread#1" [stack: 0x0000004823a00000,0x0000004823b00000] [id=8072]
  0x000001dfdfe8f460 ConcurrentGCThread "G1 Main Marker" [stack: 0x0000004821f00000,0x0000004822000000] [id=7612]
  0x000001dfdfe8fe70 ConcurrentGCThread "G1 Conc#0" [stack: 0x0000004822000000,0x0000004822100000] [id=13140]
  0x000001dfdfec2000 ConcurrentGCThread "G1 Refine#0" [stack: 0x0000004822100000,0x0000004822200000] [id=10712]
  0x000001dff76691b0 ConcurrentGCThread "G1 Refine#1" [stack: 0x0000004823b00000,0x0000004823c00000] [id=5772]
  0x000001dfdfec2a20 ConcurrentGCThread "G1 Service" [stack: 0x0000004822200000,0x0000004822300000] [id=4948]

Threads with active compile tasks:

VM state: not at safepoint (normal execution)

VM Mutex/Monitor currently owned by a thread:  ([mutex/lock_event])
[0x000001dfddd2bfb0] Metaspace_lock - owner thread: 0x000001dff777eef0

Heap address: 0x00000000c9e00000, size: 866 MB, Compressed Oops mode: 32-bit

CDS archive(s) not mapped
Compressed class space mapped at: 0x0000000100000000-0x0000000140000000, reserved size: 1073741824
Narrow klass base: 0x0000000000000000, Narrow klass shift: 3, Narrow klass range: 0x140000000

GC Precious Log:
 CPUs: 2 total, 2 available
 Memory: 3463M
 Large Page Support: Disabled
 NUMA Support: Disabled
 Compressed Oops: Enabled (32-bit)
 Heap Region Size: 1M
 Heap Min Capacity: 8M
 Heap Initial Capacity: 56M
 Heap Max Capacity: 866M
 Pre-touch: Disabled
 Parallel Workers: 2
 Concurrent Workers: 1
 Concurrent Refinement Workers: 2
 Periodic GC: Disabled

Heap:
 garbage-first heap   total 57344K, used 3836K [0x00000000c9e00000, 0x0000000100000000)
  region size 1024K, 3 young (3072K), 1 survivors (1024K)
 Metaspace       used 14930K, committed 15104K, reserved 1064960K
  class space    used 1542K, committed 1664K, reserved 1048576K

Heap Regions: E=young(eden), S=young(survivor), O=old, HS=humongous(starts), HC=humongous(continues), CS=collection set, F=free, OA=open archive, CA=closed archive, TAMS=top-at-mark-start (previous, next)
|   0|0x00000000c9e00000, 0x00000000c9f00000, 0x00000000c9f00000|100%|HS|  |TAMS 0x00000000c9e00000, 0x00000000c9e00000| Complete 
|   1|0x00000000c9f00000, 0x00000000c9fbf200, 0x00000000ca000000| 74%| O|  |TAMS 0x00000000c9f00000, 0x00000000c9f00000| Untracked 
|   2|0x00000000ca000000, 0x00000000ca000000, 0x00000000ca100000|  0%| F|  |TAMS 0x00000000ca000000, 0x00000000ca000000| Untracked 
|   3|0x00000000ca100000, 0x00000000ca100000, 0x00000000ca200000|  0%| F|  |TAMS 0x00000000ca100000, 0x00000000ca100000| Untracked 
|   4|0x00000000ca200000, 0x00000000ca200000, 0x00000000ca300000|  0%| F|  |TAMS 0x00000000ca200000, 0x00000000ca200000| Untracked 
|   5|0x00000000ca300000, 0x00000000ca300000, 0x00000000ca400000|  0%| F|  |TAMS 0x00000000ca300000, 0x00000000ca300000| Untracked 
|   6|0x00000000ca400000, 0x00000000ca400000, 0x00000000ca500000|  0%| F|  |TAMS 0x00000000ca400000, 0x00000000ca400000| Untracked 
|   7|0x00000000ca500000, 0x00000000ca500000, 0x00000000ca600000|  0%| F|  |TAMS 0x00000000ca500000, 0x00000000ca500000| Untracked 
|   8|0x00000000ca600000, 0x00000000ca600000, 0x00000000ca700000|  0%| F|  |TAMS 0x00000000ca600000, 0x00000000ca600000| Untracked 
|   9|0x00000000ca700000, 0x00000000ca700000, 0x00000000ca800000|  0%| F|  |TAMS 0x00000000ca700000, 0x00000000ca700000| Untracked 
|  10|0x00000000ca800000, 0x00000000ca800000, 0x00000000ca900000|  0%| F|  |TAMS 0x00000000ca800000, 0x00000000ca800000| Untracked 
|  11|0x00000000ca900000, 0x00000000ca900000, 0x00000000caa00000|  0%| F|  |TAMS 0x00000000ca900000, 0x00000000ca900000| Untracked 
|  12|0x00000000caa00000, 0x00000000caa00000, 0x00000000cab00000|  0%| F|  |TAMS 0x00000000caa00000, 0x00000000caa00000| Untracked 
|  13|0x00000000cab00000, 0x00000000cab00000, 0x00000000cac00000|  0%| F|  |TAMS 0x00000000cab00000, 0x00000000cab00000| Untracked 
|  14|0x00000000cac00000, 0x00000000cac00000, 0x00000000cad00000|  0%| F|  |TAMS 0x00000000cac00000, 0x00000000cac00000| Untracked 
|  15|0x00000000cad00000, 0x00000000cad00000, 0x00000000cae00000|  0%| F|  |TAMS 0x00000000cad00000, 0x00000000cad00000| Untracked 
|  16|0x00000000cae00000, 0x00000000cae00000, 0x00000000caf00000|  0%| F|  |TAMS 0x00000000cae00000, 0x00000000cae00000| Untracked 
|  17|0x00000000caf00000, 0x00000000caf00000, 0x00000000cb000000|  0%| F|  |TAMS 0x00000000caf00000, 0x00000000caf00000| Untracked 
|  18|0x00000000cb000000, 0x00000000cb000000, 0x00000000cb100000|  0%| F|  |TAMS 0x00000000cb000000, 0x00000000cb000000| Untracked 
|  19|0x00000000cb100000, 0x00000000cb100000, 0x00000000cb200000|  0%| F|  |TAMS 0x00000000cb100000, 0x00000000cb100000| Untracked 
|  20|0x00000000cb200000, 0x00000000cb200000, 0x00000000cb300000|  0%| F|  |TAMS 0x00000000cb200000, 0x00000000cb200000| Untracked 
|  21|0x00000000cb300000, 0x00000000cb300000, 0x00000000cb400000|  0%| F|  |TAMS 0x00000000cb300000, 0x00000000cb300000| Untracked 
|  22|0x00000000cb400000, 0x00000000cb400000, 0x00000000cb500000|  0%| F|  |TAMS 0x00000000cb400000, 0x00000000cb400000| Untracked 
|  23|0x00000000cb500000, 0x00000000cb500000, 0x00000000cb600000|  0%| F|  |TAMS 0x00000000cb500000, 0x00000000cb500000| Untracked 
|  24|0x00000000cb600000, 0x00000000cb600000, 0x00000000cb700000|  0%| F|  |TAMS 0x00000000cb600000, 0x00000000cb600000| Untracked 
|  25|0x00000000cb700000, 0x00000000cb700000, 0x00000000cb800000|  0%| F|  |TAMS 0x00000000cb700000, 0x00000000cb700000| Untracked 
|  26|0x00000000cb800000, 0x00000000cb800000, 0x00000000cb900000|  0%| F|  |TAMS 0x00000000cb800000, 0x00000000cb800000| Untracked 
|  27|0x00000000cb900000, 0x00000000cb900000, 0x00000000cba00000|  0%| F|  |TAMS 0x00000000cb900000, 0x00000000cb900000| Untracked 
|  28|0x00000000cba00000, 0x00000000cba00000, 0x00000000cbb00000|  0%| F|  |TAMS 0x00000000cba00000, 0x00000000cba00000| Untracked 
|  29|0x00000000cbb00000, 0x00000000cbb00000, 0x00000000cbc00000|  0%| F|  |TAMS 0x00000000cbb00000, 0x00000000cbb00000| Untracked 
|  30|0x00000000cbc00000, 0x00000000cbc00000, 0x00000000cbd00000|  0%| F|  |TAMS 0x00000000cbc00000, 0x00000000cbc00000| Untracked 
|  31|0x00000000cbd00000, 0x00000000cbd00000, 0x00000000cbe00000|  0%| F|  |TAMS 0x00000000cbd00000, 0x00000000cbd00000| Untracked 
|  32|0x00000000cbe00000, 0x00000000cbe00000, 0x00000000cbf00000|  0%| F|  |TAMS 0x00000000cbe00000, 0x00000000cbe00000| Untracked 
|  33|0x00000000cbf00000, 0x00000000cbf00000, 0x00000000cc000000|  0%| F|  |TAMS 0x00000000cbf00000, 0x00000000cbf00000| Untracked 
|  34|0x00000000cc000000, 0x00000000cc000000, 0x00000000cc100000|  0%| F|  |TAMS 0x00000000cc000000, 0x00000000cc000000| Untracked 
|  35|0x00000000cc100000, 0x00000000cc100000, 0x00000000cc200000|  0%| F|  |TAMS 0x00000000cc100000, 0x00000000cc100000| Untracked 
|  36|0x00000000cc200000, 0x00000000cc200000, 0x00000000cc300000|  0%| F|  |TAMS 0x00000000cc200000, 0x00000000cc200000| Untracked 
|  37|0x00000000cc300000, 0x00000000cc300000, 0x00000000cc400000|  0%| F|  |TAMS 0x00000000cc300000, 0x00000000cc300000| Untracked 
|  38|0x00000000cc400000, 0x00000000cc400000, 0x00000000cc500000|  0%| F|  |TAMS 0x00000000cc400000, 0x00000000cc400000| Untracked 
|  39|0x00000000cc500000, 0x00000000cc500000, 0x00000000cc600000|  0%| F|  |TAMS 0x00000000cc500000, 0x00000000cc500000| Untracked 
|  40|0x00000000cc600000, 0x00000000cc600000, 0x00000000cc700000|  0%| F|  |TAMS 0x00000000cc600000, 0x00000000cc600000| Untracked 
|  41|0x00000000cc700000, 0x00000000cc700000, 0x00000000cc800000|  0%| F|  |TAMS 0x00000000cc700000, 0x00000000cc700000| Untracked 
|  42|0x00000000cc800000, 0x00000000cc800000, 0x00000000cc900000|  0%| F|  |TAMS 0x00000000cc800000, 0x00000000cc800000| Untracked 
|  43|0x00000000cc900000, 0x00000000cc900000, 0x00000000cca00000|  0%| F|  |TAMS 0x00000000cc900000, 0x00000000cc900000| Untracked 
|  44|0x00000000cca00000, 0x00000000cca00000, 0x00000000ccb00000|  0%| F|  |TAMS 0x00000000cca00000, 0x00000000cca00000| Untracked 
|  45|0x00000000ccb00000, 0x00000000ccb00000, 0x00000000ccc00000|  0%| F|  |TAMS 0x00000000ccb00000, 0x00000000ccb00000| Untracked 
|  46|0x00000000ccc00000, 0x00000000ccc00000, 0x00000000ccd00000|  0%| F|  |TAMS 0x00000000ccc00000, 0x00000000ccc00000| Untracked 
|  47|0x00000000ccd00000, 0x00000000ccd00000, 0x00000000cce00000|  0%| F|  |TAMS 0x00000000ccd00000, 0x00000000ccd00000| Untracked 
|  48|0x00000000cce00000, 0x00000000cce00000, 0x00000000ccf00000|  0%| F|  |TAMS 0x00000000cce00000, 0x00000000cce00000| Untracked 
|  49|0x00000000ccf00000, 0x00000000cd000000, 0x00000000cd000000|100%| S|CS|TAMS 0x00000000ccf00000, 0x00000000ccf00000| Complete 
|  50|0x00000000cd000000, 0x00000000cd000000, 0x00000000cd100000|  0%| F|  |TAMS 0x00000000cd000000, 0x00000000cd000000| Untracked 
|  51|0x00000000cd100000, 0x00000000cd100000, 0x00000000cd200000|  0%| F|  |TAMS 0x00000000cd100000, 0x00000000cd100000| Untracked 
|  52|0x00000000cd200000, 0x00000000cd200000, 0x00000000cd300000|  0%| F|  |TAMS 0x00000000cd200000, 0x00000000cd200000| Untracked 
|  53|0x00000000cd300000, 0x00000000cd300000, 0x00000000cd400000|  0%| F|  |TAMS 0x00000000cd300000, 0x00000000cd300000| Untracked 
|  54|0x00000000cd400000, 0x00000000cd461600, 0x00000000cd500000| 38%| E|  |TAMS 0x00000000cd400000, 0x00000000cd400000| Complete 
|  55|0x00000000cd500000, 0x00000000cd600000, 0x00000000cd600000|100%| E|CS|TAMS 0x00000000cd500000, 0x00000000cd500000| Complete 

Card table byte_map: [0x000001dfdfbd0000,0x000001dfdfd90000] _byte_map_base: 0x000001dfdf581000

Marking Bits (Prev, Next): (CMBitMap*) 0x000001dfdfe87ef0, (CMBitMap*) 0x000001dfdfe87f30
 Prev Bits: [0x000001dff26c0000, 0x000001dff3448000)
 Next Bits: [0x000001dff3450000, 0x000001dff41d8000)

Polling page: 0x000001dfddf90000

Metaspace:

Usage:
  Non-class:     13.07 MB used.
      Class:      1.51 MB used.
       Both:     14.58 MB used.

Virtual space:
  Non-class space:       16.00 MB reserved,      13.12 MB ( 82%) committed,  2 nodes.
      Class space:        1.00 GB reserved,       1.62 MB ( <1%) committed,  1 nodes.
             Both:        1.02 GB reserved,      14.75 MB (  1%) committed. 

Chunk freelists:
   Non-Class:  2.38 MB
       Class:  2.23 MB
        Both:  4.61 MB

MaxMetaspaceSize: unlimited
CompressedClassSpaceSize: 1.00 GB
Initial GC threshold: 21.00 MB
Current GC threshold: 21.00 MB
CDS: off
MetaspaceReclaimPolicy: balanced
 - commit_granule_bytes: 65536.
 - commit_granule_words: 8192.
 - virtual_space_node_default_size: 1048576.
 - enlarge_chunks_in_place: 1.
 - new_chunks_are_fully_committed: 0.
 - uncommit_free_chunks: 1.
 - use_allocation_guard: 0.
 - handle_deallocations: 1.


Internal statistics:

num_allocs_failed_limit: 0.
num_arena_births: 126.
num_arena_deaths: 0.
num_vsnodes_births: 3.
num_vsnodes_deaths: 0.
num_space_committed: 236.
num_space_uncommitted: 0.
num_chunks_returned_to_freelist: 0.
num_chunks_taken_from_freelist: 203.
num_chunk_merges: 0.
num_chunk_splits: 107.
num_chunks_enlarged: 43.
num_purges: 0.
num_inconsistent_stats: 0.

CodeHeap 'non-profiled nmethods': size=120064Kb used=217Kb max_used=217Kb free=119846Kb
 bounds [0x000001dfeafc0000, 0x000001dfeb230000, 0x000001dff2500000]
CodeHeap 'profiled nmethods': size=120000Kb used=1197Kb max_used=1197Kb free=118802Kb
 bounds [0x000001dfe3500000, 0x000001dfe3770000, 0x000001dfeaa30000]
CodeHeap 'non-nmethods': size=5696Kb used=1280Kb max_used=1293Kb free=4415Kb
 bounds [0x000001dfeaa30000, 0x000001dfeaca0000, 0x000001dfeafc0000]
 total_blobs=1462 nmethods=850 adapters=525
 compilation: enabled
              stopped_count=0, restarted_count=0
 full_count=0

Compilation events (20 events):
Event: 2.801 Thread 0x000001dff65abea0  841       3       java.util.HashMap$EntryIterator::next (5 bytes)
Event: 2.801 Thread 0x000001dff65abea0 nmethod 841 0x000001dfe3624f90 code [0x000001dfe3625120, 0x000001dfe3625268]
Event: 2.804 Thread 0x000001dff65abea0  842       3       java.nio.MappedByteBuffer::position (6 bytes)
Event: 2.805 Thread 0x000001dff65abea0 nmethod 842 0x000001dfe3625310 code [0x000001dfe36254c0, 0x000001dfe36256c8]
Event: 2.815 Thread 0x000001dff65abea0  843       3       java.lang.ref.PhantomReference::<init> (7 bytes)
Event: 2.816 Thread 0x000001dff65abea0 nmethod 843 0x000001dfe3625810 code [0x000001dfe36259c0, 0x000001dfe3625c98]
Event: 2.818 Thread 0x000001dff65abea0  844       3       java.lang.StringConcatHelper::initialCoder (14 bytes)
Event: 2.819 Thread 0x000001dff65abea0 nmethod 844 0x000001dfe3625d90 code [0x000001dfe3625f20, 0x000001dfe3626038]
Event: 2.819 Thread 0x000001dff65abea0  845       3       java.lang.StringConcatHelper::simpleConcat (94 bytes)
Event: 2.822 Thread 0x000001dff65abea0 nmethod 845 0x000001dfe3626090 code [0x000001dfe36263e0, 0x000001dfe36278c8]
Event: 2.823 Thread 0x000001dff65abea0  846       3       java.lang.invoke.LambdaForm::normalize (322 bytes)
Event: 2.825 Thread 0x000001dff65abea0 nmethod 846 0x000001dfe3628010 code [0x000001dfe36282c0, 0x000001dfe3629578]
Event: 2.825 Thread 0x000001dff65abea0  847   !   3       java.nio.DirectIntBufferU::get (34 bytes)
Event: 2.826 Thread 0x000001dff65abea0 nmethod 847 0x000001dfe3629b90 code [0x000001dfe3629dc0, 0x000001dfe362a5d8]
Event: 2.826 Thread 0x000001dff65abea0  848       3       java.nio.DirectIntBufferU::ix (10 bytes)
Event: 2.826 Thread 0x000001dff65abea0 nmethod 848 0x000001dfe362aa10 code [0x000001dfe362aba0, 0x000001dfe362acb8]
Event: 2.826 Thread 0x000001dff65abea0  849       3       jdk.internal.jimage.ImageStringsReader::hashCode (33 bytes)
Event: 2.826 Thread 0x000001dff65abea0 nmethod 849 0x000001dfe362ad90 code [0x000001dfe362af40, 0x000001dfe362b0b8]
Event: 2.829 Thread 0x000001dff65abea0  850       3       java.io.WinNTFileSystem::isSlash (18 bytes)
Event: 2.830 Thread 0x000001dff65abea0 nmethod 850 0x000001dfe362b190 code [0x000001dfe362b320, 0x000001dfe362b4b8]

GC Heap History (2 events):
Event: 1.287 GC heap before
{Heap before GC invocations=0 (full 0):
 garbage-first heap   total 57344K, used 6144K [0x00000000c9e00000, 0x0000000100000000)
  region size 1024K, 6 young (6144K), 0 survivors (0K)
 Metaspace       used 13986K, committed 14208K, reserved 1064960K
  class space    used 1453K, committed 1600K, reserved 1048576K
}
Event: 1.304 GC heap after
{Heap after GC invocations=1 (full 0):
 garbage-first heap   total 57344K, used 2812K [0x00000000c9e00000, 0x0000000100000000)
  region size 1024K, 1 young (1024K), 1 survivors (1024K)
 Metaspace       used 13986K, committed 14208K, reserved 1064960K
  class space    used 1453K, committed 1600K, reserved 1048576K
}

Dll operation events (10 events):
Event: 0.024 Loaded shared library C:\Users\semko\.p2\pool\plugins\org.eclipse.justj.openjdk.hotspot.jre.full.win32.x86_64_17.0.6.v20230204-1729\jre\bin\java.dll
Event: 0.238 Loaded shared library C:\Users\semko\.p2\pool\plugins\org.eclipse.justj.openjdk.hotspot.jre.full.win32.x86_64_17.0.6.v20230204-1729\jre\bin\jimage.dll
Event: 0.263 Loaded shared library C:\Users\semko\.p2\pool\plugins\org.eclipse.justj.openjdk.hotspot.jre.full.win32.x86_64_17.0.6.v20230204-1729\jre\bin\net.dll
Event: 0.266 Loaded shared library C:\Users\semko\.p2\pool\plugins\org.eclipse.justj.openjdk.hotspot.jre.full.win32.x86_64_17.0.6.v20230204-1729\jre\bin\nio.dll
Event: 0.280 Loaded shared library C:\Users\semko\.p2\pool\plugins\org.eclipse.justj.openjdk.hotspot.jre.full.win32.x86_64_17.0.6.v20230204-1729\jre\bin\zip.dll
Event: 0.341 Loaded shared library C:\Users\semko\.p2\pool\plugins\org.eclipse.justj.openjdk.hotspot.jre.full.win32.x86_64_17.0.6.v20230204-1729\jre\bin\awt.dll
Event: 0.746 Loaded shared library C:\Users\semko\.p2\pool\plugins\org.eclipse.justj.openjdk.hotspot.jre.full.win32.x86_64_17.0.6.v20230204-1729\jre\bin\freetype.dll
Event: 0.749 Loaded shared library C:\Users\semko\.p2\pool\plugins\org.eclipse.justj.openjdk.hotspot.jre.full.win32.x86_64_17.0.6.v20230204-1729\jre\bin\fontmanager.dll
Event: 0.850 Loaded shared library C:\Users\semko\.p2\pool\plugins\org.eclipse.justj.openjdk.hotspot.jre.full.win32.x86_64_17.0.6.v20230204-1729\jre\bin\javajpeg.dll
Event: 2.807 Loaded shared library C:\Users\semko\.p2\pool\plugins\org.eclipse.justj.openjdk.hotspot.jre.full.win32.x86_64_17.0.6.v20230204-1729\jre\bin\verify.dll

Deoptimization events (8 events):
Event: 0.787 Thread 0x000001dfdfe4e7d0 DEOPT PACKING pc=0x000001dfe35199e7 sp=0x0000004821dfd2c0
Event: 0.787 Thread 0x000001dfdfe4e7d0 DEOPT UNPACKING pc=0x000001dfeaa87143 sp=0x0000004821dfc6e0 mode 0
Event: 0.948 Thread 0x000001dfdfe4e7d0 Uncommon trap: trap_request=0xffffff45 fr.pc=0x000001dfeafe82f0 relative=0x00000000000004b0
Event: 0.948 Thread 0x000001dfdfe4e7d0 Uncommon trap: reason=unstable_if action=reinterpret pc=0x000001dfeafe82f0 method=java.lang.StringLatin1.replace([BCC)Ljava/lang/String; @ 19 c2
Event: 0.948 Thread 0x000001dfdfe4e7d0 DEOPT PACKING pc=0x000001dfeafe82f0 sp=0x0000004821dfe910
Event: 0.948 Thread 0x000001dfdfe4e7d0 DEOPT UNPACKING pc=0x000001dfeaa869a3 sp=0x0000004821dfe890 mode 2
Event: 2.791 Thread 0x000001dff777eef0 DEOPT PACKING pc=0x000001dfe3518d51 sp=0x00000048234f9c30
Event: 2.791 Thread 0x000001dff777eef0 DEOPT UNPACKING pc=0x000001dfeaa87143 sp=0x00000048234f90a8 mode 0

Classes unloaded (0 events):
No events

Classes redefined (0 events):
No events

Internal exceptions (13 events):
Event: 0.318 Thread 0x000001dfdfe4e7d0 Exception <a 'java/lang/ClassNotFoundException'{0x00000000cd414880}: sun/awt/resources/spi/awtProvider> (0x00000000cd414880) 
thrown [s\src\hotspot\share\classfile\systemDictionary.cpp, line 256]
Event: 0.383 Thread 0x000001dfdfe4e7d0 Exception <a 'java/io/FileNotFoundException'{0x00000000cd46f878}> (0x00000000cd46f878) 
thrown [s\src\hotspot\share\prims\jni.cpp, line 516]
Event: 0.399 Thread 0x000001dfdfe4e7d0 Exception <a 'java/io/FileNotFoundException'{0x00000000cd49d1a8}> (0x00000000cd49d1a8) 
thrown [s\src\hotspot\share\prims\jni.cpp, line 516]
Event: 0.495 Thread 0x000001dfdfe4e7d0 Exception <a 'java/lang/NoSuchMethodError'{0x00000000cd4eebe0}: 'java.lang.Object java.lang.invoke.DirectMethodHandle$Holder.invokeStaticInit(java.lang.Object)'> (0x00000000cd4eebe0) 
thrown [s\src\hotspot\share\interpreter\linkResolver.cpp, line 759]
Event: 0.588 Thread 0x000001dfdfe4e7d0 Exception <a 'java/lang/NoSuchMethodError'{0x00000000cd359618}: 'void java.lang.invoke.DirectMethodHandle$Holder.invokeSpecial(java.lang.Object, java.lang.Object, java.lang.Object)'> (0x00000000cd359618) 
thrown [s\src\hotspot\share\interpreter\linkResolver.cpp, line 759]
Event: 0.602 Thread 0x000001dfdfe4e7d0 Exception <a 'java/lang/NoSuchMethodError'{0x00000000cd383d78}: 'java.lang.Object java.lang.invoke.DirectMethodHandle$Holder.newInvokeSpecial(java.lang.Object, java.lang.Object, java.lang.Object, java.lang.Object, java.lang.Object)'> (0x00000000cd383d78) 
thrown [s\src\hotspot\share\interpreter\linkResolver.cpp, line 759]
Event: 0.604 Thread 0x000001dfdfe4e7d0 Exception <a 'java/lang/NoSuchMethodError'{0x00000000cd38f740}: 'java.lang.Object java.lang.invoke.DirectMethodHandle$Holder.invokeStatic(java.lang.Object, int, java.lang.Object, java.lang.Object, java.lang.Object, java.lang.Object)'> (0x00000000cd38f740) 
thrown [s\src\hotspot\share\interpreter\linkResolver.cpp, line 759]
Event: 0.611 Thread 0x000001dfdfe4e7d0 Exception <a 'java/lang/NoSuchMethodError'{0x00000000cd3b5488}: 'java.lang.Object java.lang.invoke.DirectMethodHandle$Holder.invokeStatic(java.lang.Object, int, java.lang.Object)'> (0x00000000cd3b5488) 
thrown [s\src\hotspot\share\interpreter\linkResolver.cpp, line 759]
Event: 0.658 Thread 0x000001dfdfe4e7d0 Exception <a 'java/lang/ClassNotFoundException'{0x00000000cd26e9b8}: com/sun/swing/internal/plaf/metal/resources/spi/metalProvider> (0x00000000cd26e9b8) 
thrown [s\src\hotspot\share\classfile\systemDictionary.cpp, line 256]
Event: 0.659 Thread 0x000001dfdfe4e7d0 Exception <a 'java/lang/ClassNotFoundException'{0x00000000cd272840}: com/sun/swing/internal/plaf/basic/resources/spi/basicProvider> (0x00000000cd272840) 
thrown [s\src\hotspot\share\classfile\systemDictionary.cpp, line 256]
Event: 0.852 Thread 0x000001dff777ea20 Exception <a 'java/lang/NoSuchMethodError'{0x00000000cd12ecb8}: 'java.lang.Object java.lang.invoke.DirectMethodHandle$Holder.newInvokeSpecial(java.lang.Object, java.lang.Object, java.lang.Object, int, int, int, int, int)'> (0x00000000cd12ecb8) 
thrown [s\src\hotspot\share\interpreter\linkResolver.cpp, line 759]
Event: 0.912 Thread 0x000001dfdfe4e7d0 Exception <a 'java/lang/NoSuchMethodError'{0x00000000cd04b1f8}: 'void java.lang.invoke.DirectMethodHandle$Holder.invokeStaticInit(java.lang.Object)'> (0x00000000cd04b1f8) 
thrown [s\src\hotspot\share\interpreter\linkResolver.cpp, line 759]
Event: 1.012 Thread 0x000001dff757f550 Exception <a 'java/lang/NoSuchMethodError'{0x00000000cd310700}: 'void java.lang.invoke.DirectMethodHandle$Holder.invokeVirtual(java.lang.Object, java.lang.Object)'> (0x00000000cd310700) 
thrown [s\src\hotspot\share\interpreter\linkResolver.cpp, line 759]

VM Operations (14 events):
Event: 0.657 Executing VM operation: HandshakeAllThreads
Event: 0.657 Executing VM operation: HandshakeAllThreads done
Event: 0.682 Executing VM operation: HandshakeAllThreads
Event: 0.682 Executing VM operation: HandshakeAllThreads done
Event: 0.721 Executing VM operation: HandshakeAllThreads
Event: 0.721 Executing VM operation: HandshakeAllThreads done
Event: 0.785 Executing VM operation: HandshakeAllThreads
Event: 0.785 Executing VM operation: HandshakeAllThreads done
Event: 1.287 Executing VM operation: G1CollectForAllocation
Event: 1.306 Executing VM operation: G1CollectForAllocation done
Event: 1.383 Executing VM operation: HandshakeAllThreads
Event: 1.383 Executing VM operation: HandshakeAllThreads done
Event: 2.387 Executing VM operation: Cleanup
Event: 2.387 Executing VM operation: Cleanup done

Events (20 events):
Event: 2.811 loading class java/io/UnsupportedEncodingException
Event: 2.811 loading class java/io/UnsupportedEncodingException done
Event: 2.815 Thread 0x000001dff777dbb0 Thread added: 0x000001dff777dbb0
Event: 2.818 loading class java/lang/SecurityException
Event: 2.818 loading class java/lang/SecurityException done
Event: 2.826 loading class sun/net/www/protocol/jar/JarURLConnection
Event: 2.826 loading class java/net/JarURLConnection
Event: 2.826 loading class java/net/URLConnection
Event: 2.827 loading class java/net/URLConnection done
Event: 2.827 loading class java/net/JarURLConnection done
Event: 2.827 loading class sun/net/www/protocol/jar/JarURLConnection done
Event: 2.828 loading class sun/net/www/protocol/jar/JarFileFactory
Event: 2.828 loading class sun/net/www/protocol/jar/URLJarFile$URLJarFileCloseController
Event: 2.829 loading class sun/net/www/protocol/jar/URLJarFile$URLJarFileCloseController done
Event: 2.829 loading class sun/net/www/protocol/jar/JarFileFactory done
Event: 2.830 loading class sun/net/www/protocol/file/FileURLConnection
Event: 2.830 loading class sun/net/www/URLConnection
Event: 2.830 loading class sun/net/www/URLConnection done
Event: 2.830 loading class sun/net/www/protocol/file/FileURLConnection done
Event: 2.830 loading class sun/net/www/MessageHeader


Dynamic libraries:
0x00007ff7f3400000 - 0x00007ff7f340e000 	C:\Users\semko\.p2\pool\plugins\org.eclipse.justj.openjdk.hotspot.jre.full.win32.x86_64_17.0.6.v20230204-1729\jre\bin\java.exe
0x00007fffa9a30000 - 0x00007fffa9c47000 	C:\WINDOWS\SYSTEM32\ntdll.dll
0x00007fffa8300000 - 0x00007fffa83c4000 	C:\WINDOWS\System32\KERNEL32.DLL
0x00007fffa71c0000 - 0x00007fffa7566000 	C:\WINDOWS\System32\KERNELBASE.dll
0x00007fffa7570000 - 0x00007fffa7681000 	C:\WINDOWS\System32\ucrtbase.dll
0x00007fff965d0000 - 0x00007fff965e7000 	C:\Users\semko\.p2\pool\plugins\org.eclipse.justj.openjdk.hotspot.jre.full.win32.x86_64_17.0.6.v20230204-1729\jre\bin\jli.dll
0x00007fff74d10000 - 0x00007fff74d29000 	C:\Users\semko\.p2\pool\plugins\org.eclipse.justj.openjdk.hotspot.jre.full.win32.x86_64_17.0.6.v20230204-1729\jre\bin\VCRUNTIME140.dll
0x00007fffa8b30000 - 0x00007fffa8cde000 	C:\WINDOWS\System32\USER32.dll
0x00007fffa7190000 - 0x00007fffa71b6000 	C:\WINDOWS\System32\win32u.dll
0x00007fff9a140000 - 0x00007fff9a3d3000 	C:\WINDOWS\WinSxS\amd64_microsoft.windows.common-controls_6595b64144ccf1df_6.0.22621.2506_none_270c5ae97388e100\COMCTL32.dll
0x00007fffa7920000 - 0x00007fffa7949000 	C:\WINDOWS\System32\GDI32.dll
0x00007fffa8670000 - 0x00007fffa8717000 	C:\WINDOWS\System32\msvcrt.dll
0x00007fffa6f60000 - 0x00007fffa7078000 	C:\WINDOWS\System32\gdi32full.dll
0x00007fffa7080000 - 0x00007fffa711a000 	C:\WINDOWS\System32\msvcp_win.dll
0x00007fffa83e0000 - 0x00007fffa8411000 	C:\WINDOWS\System32\IMM32.DLL
0x00007fffa15f0000 - 0x00007fffa15fc000 	C:\Users\semko\.p2\pool\plugins\org.eclipse.justj.openjdk.hotspot.jre.full.win32.x86_64_17.0.6.v20230204-1729\jre\bin\vcruntime140_1.dll
0x00007fff74b70000 - 0x00007fff74c01000 	C:\Users\semko\.p2\pool\plugins\org.eclipse.justj.openjdk.hotspot.jre.full.win32.x86_64_17.0.6.v20230204-1729\jre\bin\msvcp140.dll
0x00007fff445d0000 - 0x00007fff45217000 	C:\Users\semko\.p2\pool\plugins\org.eclipse.justj.openjdk.hotspot.jre.full.win32.x86_64_17.0.6.v20230204-1729\jre\bin\server\jvm.dll
0x00007fffa85b0000 - 0x00007fffa8663000 	C:\WINDOWS\System32\ADVAPI32.dll
0x00007fffa7e70000 - 0x00007fffa7f18000 	C:\WINDOWS\System32\sechost.dll
0x00007fffa7750000 - 0x00007fffa7778000 	C:\WINDOWS\System32\bcrypt.dll
0x00007fffa81e0000 - 0x00007fffa82f7000 	C:\WINDOWS\System32\RPCRT4.dll
0x00007fff9e0b0000 - 0x00007fff9e0b9000 	C:\WINDOWS\SYSTEM32\WSOCK32.dll
0x00007fffa8ab0000 - 0x00007fffa8b21000 	C:\WINDOWS\System32\WS2_32.dll
0x00007fff9df00000 - 0x00007fff9df34000 	C:\WINDOWS\SYSTEM32\WINMM.dll
0x00007fff99c50000 - 0x00007fff99c5a000 	C:\WINDOWS\SYSTEM32\VERSION.dll
0x00007fffa5db0000 - 0x00007fffa5dc8000 	C:\WINDOWS\SYSTEM32\kernel.appcore.dll
0x00007fff99fd0000 - 0x00007fff99fda000 	C:\Users\semko\.p2\pool\plugins\org.eclipse.justj.openjdk.hotspot.jre.full.win32.x86_64_17.0.6.v20230204-1729\jre\bin\jimage.dll
0x00007fff8fdb0000 - 0x00007fff8ffe3000 	C:\WINDOWS\SYSTEM32\DBGHELP.DLL
0x00007fffa8720000 - 0x00007fffa8aa9000 	C:\WINDOWS\System32\combase.dll
0x00007fffa7f70000 - 0x00007fffa8047000 	C:\WINDOWS\System32\OLEAUT32.dll
0x00007fff89480000 - 0x00007fff894b2000 	C:\WINDOWS\SYSTEM32\dbgcore.DLL
0x00007fffa6ee0000 - 0x00007fffa6f5a000 	C:\WINDOWS\System32\bcryptPrimitives.dll
0x00007fff74b40000 - 0x00007fff74b65000 	C:\Users\semko\.p2\pool\plugins\org.eclipse.justj.openjdk.hotspot.jre.full.win32.x86_64_17.0.6.v20230204-1729\jre\bin\java.dll
0x00007fff74b20000 - 0x00007fff74b38000 	C:\Users\semko\.p2\pool\plugins\org.eclipse.justj.openjdk.hotspot.jre.full.win32.x86_64_17.0.6.v20230204-1729\jre\bin\zip.dll
0x00007fffa8fd0000 - 0x00007fffa982b000 	C:\WINDOWS\System32\SHELL32.dll
0x00007fffa4cd0000 - 0x00007fffa55c6000 	C:\WINDOWS\SYSTEM32\windows.storage.dll
0x00007fffa4b90000 - 0x00007fffa4cce000 	C:\WINDOWS\SYSTEM32\wintypes.dll
0x00007fffa84a0000 - 0x00007fffa8593000 	C:\WINDOWS\System32\SHCORE.dll
0x00007fffa7950000 - 0x00007fffa79ae000 	C:\WINDOWS\System32\shlwapi.dll
0x00007fffa6ca0000 - 0x00007fffa6cc6000 	C:\WINDOWS\SYSTEM32\profapi.dll
0x00007fff74b00000 - 0x00007fff74b19000 	C:\Users\semko\.p2\pool\plugins\org.eclipse.justj.openjdk.hotspot.jre.full.win32.x86_64_17.0.6.v20230204-1729\jre\bin\net.dll
0x00007fff9d7f0000 - 0x00007fff9d927000 	C:\WINDOWS\SYSTEM32\WINHTTP.dll
0x00007fffa6230000 - 0x00007fffa6299000 	C:\WINDOWS\system32\mswsock.dll
0x00007fff74ae0000 - 0x00007fff74af5000 	C:\Users\semko\.p2\pool\plugins\org.eclipse.justj.openjdk.hotspot.jre.full.win32.x86_64_17.0.6.v20230204-1729\jre\bin\nio.dll
0x00007fff6b920000 - 0x00007fff6baae000 	C:\Users\semko\.p2\pool\plugins\org.eclipse.justj.openjdk.hotspot.jre.full.win32.x86_64_17.0.6.v20230204-1729\jre\bin\awt.dll
0x00007fffa4120000 - 0x00007fffa41b7000 	C:\WINDOWS\SYSTEM32\apphelp.dll
0x00007fffa4720000 - 0x00007fffa474b000 	C:\WINDOWS\system32\DWMAPI.DLL
0x00007fffa4310000 - 0x00007fffa43bb000 	C:\WINDOWS\system32\uxtheme.dll
0x00007fff6b740000 - 0x00007fff6b840000 	C:\WINDOWS\system32\opengl32.dll
0x00007fff7dae0000 - 0x00007fff7db0d000 	C:\WINDOWS\SYSTEM32\GLU32.dll
0x00007fffa43f0000 - 0x00007fffa4429000 	C:\WINDOWS\SYSTEM32\dxcore.dll
0x00007fffa8d70000 - 0x00007fffa8ec1000 	C:\WINDOWS\System32\MSCTF.dll
0x00007fffa7780000 - 0x00007fffa7920000 	C:\WINDOWS\System32\ole32.dll
0x00007fff64930000 - 0x00007fff64ad9000 	C:\WINDOWS\system32\d3d9.dll
0x00007fffa03b0000 - 0x00007fffa0ac1000 	C:\WINDOWS\SYSTEM32\d3d10warp.dll
0x00007fffa1a50000 - 0x00007fffa1a9a000 	C:\WINDOWS\SYSTEM32\directxdatabasehelper.dll
0x00007fff6b890000 - 0x00007fff6b916000 	C:\Users\semko\.p2\pool\plugins\org.eclipse.justj.openjdk.hotspot.jre.full.win32.x86_64_17.0.6.v20230204-1729\jre\bin\freetype.dll
0x00007fff4ba60000 - 0x00007fff4bb25000 	C:\Users\semko\.p2\pool\plugins\org.eclipse.justj.openjdk.hotspot.jre.full.win32.x86_64_17.0.6.v20230204-1729\jre\bin\fontmanager.dll
0x00007fff6db80000 - 0x00007fff6dbad000 	C:\Users\semko\.p2\pool\plugins\org.eclipse.justj.openjdk.hotspot.jre.full.win32.x86_64_17.0.6.v20230204-1729\jre\bin\javajpeg.dll
0x00007fffa8050000 - 0x00007fffa8100000 	C:\WINDOWS\System32\clbcatq.dll
0x00007fffa28f0000 - 0x00007fffa2aa0000 	C:\WINDOWS\SYSTEM32\WindowsCodecs.dll
0x00007fff90210000 - 0x00007fff9026e000 	C:\WINDOWS\system32\dataexchange.dll
0x00007fff9fe30000 - 0x00007fffa00b7000 	C:\WINDOWS\system32\twinapi.appcore.dll
0x00007fff9a7b0000 - 0x00007fff9a8fa000 	C:\WINDOWS\SYSTEM32\textinputframework.dll
0x00007fffa3d30000 - 0x00007fffa3e64000 	C:\WINDOWS\SYSTEM32\CoreMessaging.dll
0x00007fffa1030000 - 0x00007fffa139c000 	C:\WINDOWS\SYSTEM32\CoreUIComponents.dll
0x00007fffa64a0000 - 0x00007fffa64ac000 	C:\WINDOWS\SYSTEM32\CRYPTBASE.DLL
0x00007fff98e70000 - 0x00007fff98e80000 	C:\Users\semko\.p2\pool\plugins\org.eclipse.justj.openjdk.hotspot.jre.full.win32.x86_64_17.0.6.v20230204-1729\jre\bin\verify.dll

dbghelp: loaded successfully - version: 4.0.5 - missing functions: none
symbol engine: initialized successfully - sym options: 0x614 - pdb path: .;C:\Users\semko\.p2\pool\plugins\org.eclipse.justj.openjdk.hotspot.jre.full.win32.x86_64_17.0.6.v20230204-1729\jre\bin;C:\WINDOWS\SYSTEM32;C:\WINDOWS\WinSxS\amd64_microsoft.windows.common-controls_6595b64144ccf1df_6.0.22621.2506_none_270c5ae97388e100;C:\Users\semko\.p2\pool\plugins\org.eclipse.justj.openjdk.hotspot.jre.full.win32.x86_64_17.0.6.v20230204-1729\jre\bin\server

VM Arguments:
jvm_args: -Dfile.encoding=UTF-8 -Dstdout.encoding=UTF-8 -Dstderr.encoding=UTF-8 -XX:+ShowCodeDetailsInExceptionMessages 
java_command: controleur.AirFrance
java_class_path (initial): C:\Users\semko\eclipse-workspace\AirFrance\bin;C:\Users\semko\Desktop\mysql-connector-java-5.1.40\mysql-connector-java-5.1.40-bin.jar
Launcher Type: SUN_STANDARD

[Global flags]
     intx CICompilerCount                          = 2                                         {product} {ergonomic}
     uint ConcGCThreads                            = 1                                         {product} {ergonomic}
     uint G1ConcRefinementThreads                  = 2                                         {product} {ergonomic}
   size_t G1HeapRegionSize                         = 1048576                                   {product} {ergonomic}
    uintx GCDrainStackTargetSize                   = 64                                        {product} {ergonomic}
   size_t InitialHeapSize                          = 58720256                                  {product} {ergonomic}
   size_t MarkStackSize                            = 4194304                                   {product} {ergonomic}
   size_t MaxHeapSize                              = 908066816                                 {product} {ergonomic}
   size_t MaxNewSize                               = 544210944                                 {product} {ergonomic}
   size_t MinHeapDeltaBytes                        = 1048576                                   {product} {ergonomic}
   size_t MinHeapSize                              = 8388608                                   {product} {ergonomic}
    uintx NonNMethodCodeHeapSize                   = 5826188                                {pd product} {ergonomic}
    uintx NonProfiledCodeHeapSize                  = 122916026                              {pd product} {ergonomic}
    uintx ProfiledCodeHeapSize                     = 122916026                              {pd product} {ergonomic}
    uintx ReservedCodeCacheSize                    = 251658240                              {pd product} {ergonomic}
     bool SegmentedCodeCache                       = true                                      {product} {ergonomic}
     bool ShowCodeDetailsInExceptionMessages       = true                                   {manageable} {command line}
   size_t SoftMaxHeapSize                          = 908066816                              {manageable} {ergonomic}
     bool UseCompressedClassPointers               = true                           {product lp64_product} {ergonomic}
     bool UseCompressedOops                        = true                           {product lp64_product} {ergonomic}
     bool UseG1GC                                  = true                                      {product} {ergonomic}
     bool UseLargePagesIndividualAllocation        = false                                  {pd product} {ergonomic}

Logging:
Log output configuration:
 #0: stdout all=warning uptime,level,tags
 #1: stderr all=off uptime,level,tags

Environment Variables:
PATH=C:/Users/semko/.p2/pool/plugins/org.eclipse.justj.openjdk.hotspot.jre.full.win32.x86_64_17.0.8.v20230831-1047/jre/bin/server;C:/Users/semko/.p2/pool/plugins/org.eclipse.justj.openjdk.hotspot.jre.full.win32.x86_64_17.0.8.v20230831-1047/jre/bin;C:\Program Files (x86)\VMware\VMware Workstation\bin\;C:\WINDOWS\system32;C:\WINDOWS;C:\WINDOWS\System32\Wbem;C:\WINDOWS\System32\WindowsPowerShell\v1.0\;C:\WINDOWS\System32\OpenSSH\;C:\Program Files\Git\cmd;C:\Users\semko\AppData\Local\Programs\Python\Python39\Scripts\;C:\Users\semko\AppData\Local\Programs\Python\Python39\;C:\Python\Python39\Scripts\;C:\Python\Python39\;C:\Users\semko\AppData\Local\Programs\Python\Python310\Scripts\;C:\Users\semko\AppData\Local\Programs\Python\Python310\;C:\Users\semko\AppData\Local\Microsoft\WindowsApps;C:\Users\semko\Desktop\CodeBlocks\MinGW\bin;C:\Users\semko\Desktop;
USERNAME=semko
OS=Windows_NT
PROCESSOR_IDENTIFIER=AMD64 Family 23 Model 24 Stepping 1, AuthenticAMD
TMP=C:\Users\semko\AppData\Local\Temp
TEMP=C:\Users\semko\AppData\Local\Temp



---------------  S Y S T E M  ---------------

OS:
 Windows 11 , 64 bit Build 22621 (10.0.22621.3085)
OS uptime: 6 days 14:29 hours

CPU: total 2 (initial active 2) (2 cores per cpu, 1 threads per core) family 23 model 24 stepping 1 microcode 0x0, cx8, cmov, fxsr, mmx, 3dnowpref, sse, sse2, sse3, ssse3, sse4a, sse4.1, sse4.2, popcnt, lzcnt, tsc, tscinvbit, avx, avx2, aes, clmul, bmi1, bmi2, adx, sha, fma, vzeroupper, clflush, clflushopt

Memory: 4k page, system-wide physical 3463M (318M free)
TotalPageFile size 12921M (AvailPageFile size 3M)
current process WorkingSet (physical memory assigned to process): 78M, peak: 78M
current process commit charge ("private bytes"): 141M, peak: 142M

vm_info: OpenJDK 64-Bit Server VM (17.0.6+10) for windows-amd64 JRE (17.0.6+10), built on Jan 18 2023 10:08:59 by "temurin" with MS VC++ 16.7 (VS2019)

END.
